TN:
SF:/home/kys/Projects/C2_s21_stringplus-1/src/s21_string.c
FN:105,110,s21_strlen
FN:120,130,s21_strncmp
FN:139,152,s21_strcmp
FN:154,160,s21_strcpy
FN:162,170,s21_strcat
FN:180,189,s21_strchr
FN:191,214,s21_sprintf
FN:222,280,parse_specifiers
FN:282,282,is_digit
FN:284,286,is_space
FN:320,499,s21_sscanf
FNDA:39,s21_strlen
FNDA:8,s21_strncmp
FNDA:7,s21_strcmp
FNDA:0,s21_strcpy
FNDA:0,s21_strcat
FNDA:6,s21_strchr
FNDA:0,s21_sprintf
FNDA:30,parse_specifiers
FNDA:156,is_digit
FNDA:35,is_space
FNDA:25,s21_sscanf
FNF:11
FNH:8
DA:105,39
DA:106,39
DA:107,42950022
DA:109,39
DA:120,8
DA:121,8
DA:122,8
DA:123,26
DA:124,18
DA:125,5
DA:126,5
DA:129,8
DA:139,7
DA:140,7
DA:141,19
DA:143,7
DA:144,7
DA:145,1
DA:146,6
DA:147,3
DA:149,3
DA:151,7
DA:154,0
DA:155,0
DA:156,0
DA:159,0
DA:162,0
DA:163,0
DA:164,0
DA:166,0
DA:167,0
DA:169,0
DA:180,6
DA:181,6
DA:182,6
DA:183,48
DA:185,6
DA:186,4
DA:188,6
DA:191,0
DA:192,0
DA:194,0
DA:195,0
DA:196,0
DA:197,0
DA:199,0
DA:200,0
DA:204,0
DA:208,0
DA:211,0
DA:212,0
DA:213,0
DA:222,30
DA:223,30
DA:224,30
DA:226,30
DA:227,30
DA:228,0
DA:230,0
DA:232,30
DA:233,5
DA:234,5
DA:235,2
DA:237,6
DA:238,3
DA:239,3
DA:246,30
DA:247,0
DA:248,0
DA:249,0
DA:250,0
DA:252,0
DA:253,0
DA:254,0
DA:261,30
DA:262,5
DA:263,5
DA:268,30
DA:269,2
DA:270,2
DA:271,2
DA:272,28
DA:273,28
DA:276,2
DA:278,30
DA:279,30
DA:282,156
DA:284,35
DA:285,35
DA:320,25
DA:322,25
DA:324,25
DA:325,25
DA:327,25
DA:329,101
DA:330,76
DA:332,30
DA:338,30
DA:339,0
DA:340,0
DA:341,0
DA:342,0
DA:344,30
DA:345,28
DA:346,28
DA:347,28
DA:348,25
DA:350,35
DA:351,7
DA:353,28
DA:354,4
DA:355,4
DA:357,122
DA:358,94
DA:360,94
DA:361,94
DA:363,28
DA:364,21
DA:365,21
DA:366,1
DA:367,1
DA:368,20
DA:369,2
DA:370,2
DA:372,18
DA:373,18
DA:375,21
DA:376,21
DA:379,7
DA:380,2
DA:382,7
DA:385,2
DA:386,0
DA:387,0
DA:388,0
DA:389,0
DA:390,0
DA:391,0
DA:393,0
DA:394,0
DA:395,0
DA:396,0
DA:398,0
DA:399,0
DA:400,0
DA:401,0
DA:402,0
DA:403,0
DA:404,0
DA:405,0
DA:408,0
DA:409,0
DA:410,0
DA:411,0
DA:412,0
DA:413,0
DA:414,0
DA:416,2
DA:417,0
DA:418,0
DA:419,0
DA:420,0
DA:421,0
DA:422,0
DA:423,0
DA:425,0
DA:426,0
DA:429,0
DA:430,0
DA:431,0
DA:432,0
DA:433,0
DA:434,0
DA:435,0
DA:437,0
DA:438,0
DA:439,0
DA:440,0
DA:442,0
DA:443,0
DA:444,0
DA:445,0
DA:446,0
DA:447,0
DA:449,0
DA:450,0
DA:451,0
DA:455,2
DA:456,0
DA:457,0
DA:458,0
DA:460,46
DA:461,0
DA:462,0
DA:463,0
DA:464,0
DA:465,0
DA:466,0
DA:468,0
DA:469,0
DA:470,0
DA:471,0
DA:473,0
DA:474,0
DA:475,0
DA:476,0
DA:477,0
DA:481,0
DA:482,0
DA:483,0
DA:484,0
DA:486,0
DA:487,0
DA:488,0
DA:489,0
DA:490,0
DA:491,0
DA:492,0
DA:496,76
DA:498,25
LF:220
LH:101
end_of_record
TN:
SF:/home/kys/Projects/C2_s21_stringplus-1/src/test_s21_sprintf.c
FN:14,26,s21_sprintf_suite
FN:5,12,test_s21_sprintf_n_fn
FNDA:26,s21_sprintf_suite
FNDA:0,test_s21_sprintf_n_fn
FNF:2
FNH:1
DA:5,0
DA:6,0
DA:9,0
DA:10,0
DA:12,0
DA:14,26
DA:18,26
DA:19,26
DA:21,26
DA:23,26
DA:25,26
LF:11
LH:6
end_of_record
TN:
SF:/home/kys/Projects/C2_s21_stringplus-1/src/test_s21_sscanf.c
FN:104,110,test_s21_sscanf_d_width_fn
FN:112,118,test_s21_sscanf_d_wrong_fmt_fn
FN:120,126,test_s21_sscanf_d_wrong_fmt_width_fn
FN:128,137,test_s21_sscanf_d_some_fmt_wrong_fn
FN:13,19,test_s21_sscanf_d_neg_fn
FN:139,146,test_s21_sscanf_d_some_sep_fn
FN:148,154,test_s21_sscanf_d_zero_fn
FN:156,162,test_s21_sscanf_d_zero_start_fn
FN:164,170,test_s21_sscanf_ld_skip_assignment_fn
FN:173,179,test_s21_sscanf_hd_fn
FN:183,189,test_s21_sscanf_ld_fn
FN:193,199,test_s21_sscanf_ld_width_fn
FN:203,209,test_s21_sscanf_ld_invalid_fn
FN:21,30,test_s21_sscanf_d_some_fn
FN:213,219,test_s21_sscanf_ld_empty_fn
FN:222,258,s21_sscanf_suite
FN:32,38,test_s21_sscanf_d_space_bef_fn
FN:40,46,test_s21_sscanf_d_space_aft_fn
FN:48,54,test_s21_sscanf_d_merge_string_end_fn
FN:5,11,test_s21_sscanf_d_simple_fn
FN:56,62,test_s21_sscanf_d_merge_string_start_fn
FN:64,70,test_s21_sscanf_d_empty_fn
FN:72,78,test_s21_sscanf_d_max_fn
FN:80,86,test_s21_sscanf_d_min_fn
FN:88,95,test_s21_sscanf_d_max_over_fn
FN:96,102,test_s21_sscanf_d_miss_fn
FNDA:1,test_s21_sscanf_d_width_fn
FNDA:1,test_s21_sscanf_d_wrong_fmt_fn
FNDA:1,test_s21_sscanf_d_wrong_fmt_width_fn
FNDA:1,test_s21_sscanf_d_some_fmt_wrong_fn
FNDA:1,test_s21_sscanf_d_neg_fn
FNDA:1,test_s21_sscanf_d_some_sep_fn
FNDA:1,test_s21_sscanf_d_zero_fn
FNDA:1,test_s21_sscanf_d_zero_start_fn
FNDA:1,test_s21_sscanf_ld_skip_assignment_fn
FNDA:1,test_s21_sscanf_hd_fn
FNDA:1,test_s21_sscanf_ld_fn
FNDA:1,test_s21_sscanf_ld_width_fn
FNDA:1,test_s21_sscanf_ld_invalid_fn
FNDA:1,test_s21_sscanf_d_some_fn
FNDA:1,test_s21_sscanf_ld_empty_fn
FNDA:26,s21_sscanf_suite
FNDA:1,test_s21_sscanf_d_space_bef_fn
FNDA:1,test_s21_sscanf_d_space_aft_fn
FNDA:1,test_s21_sscanf_d_merge_string_end_fn
FNDA:1,test_s21_sscanf_d_simple_fn
FNDA:1,test_s21_sscanf_d_merge_string_start_fn
FNDA:1,test_s21_sscanf_d_empty_fn
FNDA:1,test_s21_sscanf_d_max_fn
FNDA:1,test_s21_sscanf_d_min_fn
FNDA:1,test_s21_sscanf_d_max_over_fn
FNDA:1,test_s21_sscanf_d_miss_fn
FNF:26
FNH:26
DA:5,1
DA:6,1
DA:7,1
DA:8,1
DA:9,1
DA:10,1
DA:11,1
DA:13,1
DA:14,1
DA:15,1
DA:16,1
DA:17,1
DA:18,1
DA:19,1
DA:21,1
DA:22,1
DA:23,1
DA:24,1
DA:25,1
DA:27,1
DA:28,1
DA:29,1
DA:30,1
DA:32,1
DA:33,1
DA:34,1
DA:35,1
DA:36,1
DA:37,1
DA:38,1
DA:40,1
DA:41,1
DA:42,1
DA:43,1
DA:44,1
DA:45,1
DA:46,1
DA:48,1
DA:49,1
DA:50,1
DA:51,1
DA:52,1
DA:53,1
DA:54,1
DA:56,1
DA:57,1
DA:58,1
DA:59,1
DA:60,1
DA:61,1
DA:62,1
DA:64,1
DA:65,1
DA:66,1
DA:67,1
DA:68,1
DA:69,1
DA:70,1
DA:72,1
DA:73,1
DA:74,1
DA:75,1
DA:76,1
DA:77,1
DA:78,1
DA:80,1
DA:81,1
DA:82,1
DA:83,1
DA:84,1
DA:85,1
DA:86,1
DA:88,1
DA:89,1
DA:91,1
DA:92,1
DA:93,1
DA:94,1
DA:95,1
DA:96,1
DA:97,1
DA:98,1
DA:99,1
DA:100,1
DA:101,1
DA:102,1
DA:104,1
DA:105,1
DA:106,1
DA:107,1
DA:108,1
DA:109,1
DA:110,1
DA:112,1
DA:113,1
DA:114,1
DA:115,1
DA:116,1
DA:117,1
DA:118,1
DA:120,1
DA:121,1
DA:122,1
DA:123,1
DA:124,1
DA:125,1
DA:126,1
DA:128,1
DA:129,1
DA:130,1
DA:131,1
DA:132,1
DA:134,1
DA:135,1
DA:136,1
DA:137,1
DA:139,1
DA:140,1
DA:141,1
DA:142,1
DA:143,1
DA:145,1
DA:146,1
DA:148,1
DA:149,1
DA:150,1
DA:151,1
DA:152,1
DA:153,1
DA:154,1
DA:156,1
DA:157,1
DA:158,1
DA:159,1
DA:160,1
DA:161,1
DA:162,1
DA:164,1
DA:165,1
DA:166,1
DA:167,1
DA:168,1
DA:169,1
DA:170,1
DA:173,1
DA:174,1
DA:175,1
DA:176,1
DA:177,1
DA:178,1
DA:179,1
DA:183,1
DA:184,1
DA:185,1
DA:186,1
DA:187,1
DA:188,1
DA:189,1
DA:193,1
DA:194,1
DA:195,1
DA:196,1
DA:197,1
DA:198,1
DA:199,1
DA:203,1
DA:204,1
DA:205,1
DA:206,1
DA:207,1
DA:208,1
DA:209,1
DA:213,1
DA:214,1
DA:215,1
DA:216,1
DA:217,1
DA:218,1
DA:219,1
DA:222,26
DA:226,26
DA:227,26
DA:229,26
DA:230,26
DA:231,26
DA:232,26
DA:233,26
DA:234,26
DA:235,26
DA:236,26
DA:237,26
DA:238,26
DA:239,26
DA:240,26
DA:241,26
DA:242,26
DA:243,26
DA:244,26
DA:245,26
DA:246,26
DA:247,26
DA:248,26
DA:249,26
DA:250,26
DA:251,26
DA:252,26
DA:253,26
DA:255,26
DA:257,26
LF:209
LH:209
end_of_record
TN:
SF:/home/kys/Projects/C2_s21_stringplus-1/src/test_s21_string.c
FN:107,140,test_s21_strncmp_fn
FN:143,152,test_s21_strcmp_fn
FN:155,176,test_s21_sprintf_с_fn
FN:17,22,test_s21_strchr_not_found_fn
FN:179,205,s21_string_suite
FN:25,32,test_s21_strchr_null_terminator_fn
FN:35,40,test_s21_strchr_empty_string_fn
FN:43,50,test_s21_strchr_first_char_fn
FN:53,59,test_s21_strchr_last_char_fn
FN:62,104,test_s21_strlen_fn
FN:7,14,test_s21_strchr_found_fn
FNDA:1,test_s21_strncmp_fn
FNDA:1,test_s21_strcmp_fn
FNDA:0,test_s21_sprintf_с_fn
FNDA:1,test_s21_strchr_not_found_fn
FNDA:35,s21_string_suite
FNDA:1,test_s21_strchr_null_terminator_fn
FNDA:1,test_s21_strchr_empty_string_fn
FNDA:1,test_s21_strchr_first_char_fn
FNDA:1,test_s21_strchr_last_char_fn
FNDA:1,test_s21_strlen_fn
FNDA:1,test_s21_strchr_found_fn
FNF:11
FNH:10
DA:7,1
DA:8,1
DA:9,1
DA:10,1
DA:11,1
DA:12,1
DA:14,1
DA:17,1
DA:18,1
DA:19,1
DA:20,1
DA:21,1
DA:22,1
DA:25,1
DA:26,1
DA:27,1
DA:28,1
DA:29,1
DA:30,1
DA:32,1
DA:35,1
DA:36,1
DA:37,1
DA:38,1
DA:39,1
DA:40,1
DA:43,1
DA:44,1
DA:45,1
DA:46,1
DA:47,1
DA:48,1
DA:50,1
DA:53,1
DA:54,1
DA:55,1
DA:56,1
DA:57,1
DA:58,1
DA:59,1
DA:62,1
DA:63,1
DA:64,1
DA:65,1
DA:66,1
DA:67,1
DA:68,1
DA:69,1
DA:75,1
DA:76,1
DA:78,1
DA:79,1
DA:81,1
DA:82,1
DA:84,1
DA:85,1
DA:87,1
DA:88,1
DA:90,1
DA:91,1
DA:94,1
DA:95,1
DA:96,1
DA:97,0
DA:99,1
DA:100,1
DA:101,1
DA:102,1
DA:104,1
DA:107,1
DA:109,1
DA:110,1
DA:111,1
DA:113,1
DA:114,1
DA:115,1
DA:117,1
DA:118,1
DA:119,1
DA:121,1
DA:122,1
DA:123,1
DA:125,1
DA:126,1
DA:127,1
DA:129,1
DA:130,1
DA:131,1
DA:133,1
DA:134,1
DA:135,1
DA:137,1
DA:138,1
DA:139,1
DA:140,1
DA:143,1
DA:144,1
DA:146,1
DA:147,1
DA:148,1
DA:149,1
DA:150,1
DA:151,1
DA:152,1
DA:155,0
DA:156,0
DA:157,0
DA:159,0
DA:160,0
DA:161,0
DA:163,0
DA:165,0
DA:166,0
DA:167,0
DA:169,0
DA:171,0
DA:172,0
DA:173,0
DA:175,0
DA:176,0
DA:179,35
DA:183,35
DA:184,35
DA:185,35
DA:188,35
DA:189,35
DA:190,35
DA:191,35
DA:192,35
DA:193,35
DA:194,35
DA:195,35
DA:196,35
DA:198,35
DA:200,35
DA:204,35
LF:136
LH:119
end_of_record
