TN:
SF:/home/kys/Projects/C2_s21_stringplus-1/src/s21_string.c
FN:104,109,s21_strlen
FN:119,129,s21_strncmp
FN:131,144,s21_strcmp
FN:153,159,s21_strcpy
FN:161,169,s21_strcat
FN:179,188,s21_strchr
FN:198,209,s21_memcpy
FN:211,234,s21_sprintf
FN:242,302,parse_specifiers
FN:304,304,is_digit
FN:306,308,is_space
FN:372,498,s21_sscanf
FN:499,510,read_wchar
FN:511,527,get_number
FN:529,543,s21_pow
FN:545,583,proc_spec_c
FN:585,627,proc_spec_f
FN:628,679,proc_spec_s
FN:680,729,proc_spec_d
FNDA:147,s21_strlen
FNDA:8,s21_strncmp
FNDA:7,s21_strcmp
FNDA:0,s21_strcpy
FNDA:0,s21_strcat
FNDA:6,s21_strchr
FNDA:46,s21_memcpy
FNDA:0,s21_sprintf
FNDA:56,parse_specifiers
FNDA:244,is_digit
FNDA:70,is_space
FNDA:42,s21_sscanf
FNDA:13,read_wchar
FNDA:39,get_number
FNDA:3,s21_pow
FNDA:16,proc_spec_c
FNDA:2,proc_spec_f
FNDA:2,proc_spec_s
FNDA:35,proc_spec_d
FNF:19
FNH:16
DA:104,147
DA:105,147
DA:106,42950930
DA:108,147
DA:119,8
DA:120,8
DA:121,8
DA:122,26
DA:123,18
DA:124,5
DA:125,5
DA:128,8
DA:131,7
DA:132,7
DA:133,19
DA:135,7
DA:136,7
DA:137,1
DA:138,6
DA:139,3
DA:141,3
DA:143,7
DA:153,0
DA:154,0
DA:155,0
DA:158,0
DA:161,0
DA:162,0
DA:163,0
DA:165,0
DA:166,0
DA:168,0
DA:179,6
DA:180,6
DA:181,6
DA:182,48
DA:184,6
DA:185,4
DA:187,6
DA:198,46
DA:200,46
DA:201,46
DA:204,386
DA:205,340
DA:208,46
DA:211,0
DA:212,0
DA:214,0
DA:215,0
DA:216,0
DA:217,0
DA:219,0
DA:220,0
DA:224,0
DA:228,0
DA:231,0
DA:232,0
DA:233,0
DA:242,56
DA:243,56
DA:244,56
DA:246,56
DA:247,56
DA:248,1
DA:250,1
DA:252,56
DA:253,21
DA:254,21
DA:256,7
DA:257,7
DA:259,28
DA:260,14
DA:261,14
DA:265,21
DA:268,56
DA:269,0
DA:270,0
DA:271,0
DA:272,0
DA:274,0
DA:275,0
DA:276,0
DA:283,56
DA:284,12
DA:285,12
DA:290,56
DA:291,3
DA:292,1
DA:293,1
DA:294,55
DA:295,55
DA:296,55
DA:298,1
DA:300,56
DA:301,56
DA:304,244
DA:306,70
DA:307,70
DA:372,42
DA:374,42
DA:376,42
DA:377,42
DA:379,42
DA:380,197
DA:381,155
DA:382,56
DA:383,56
DA:384,56
DA:385,35
DA:388,56
DA:389,56
DA:390,56
DA:391,56
DA:393,56
DA:394,56
DA:395,56
DA:396,16
DA:397,16
DA:398,16
DA:399,14
DA:400,14
DA:401,11
DA:403,2
DA:404,2
DA:406,16
DA:408,40
DA:409,51
DA:410,16
DA:411,16
DA:413,35
DA:414,35
DA:415,35
DA:416,26
DA:417,26
DA:418,23
DA:420,9
DA:421,3
DA:423,35
DA:424,35
DA:426,5
DA:427,3
DA:428,1
DA:429,1
DA:431,2
DA:432,2
DA:433,2
DA:434,2
DA:435,2
DA:436,2
DA:439,3
DA:440,3
DA:441,1
DA:442,1
DA:444,2
DA:445,2
DA:446,2
DA:447,2
DA:448,2
DA:449,2
DA:452,2
DA:453,1
DA:454,0
DA:455,0
DA:456,0
DA:458,99
DA:459,0
DA:460,0
DA:461,0
DA:462,0
DA:463,0
DA:464,0
DA:466,0
DA:467,0
DA:468,0
DA:469,0
DA:471,0
DA:472,0
DA:473,0
DA:474,0
DA:475,0
DA:479,0
DA:480,0
DA:481,0
DA:482,0
DA:484,0
DA:485,0
DA:486,0
DA:487,0
DA:488,0
DA:489,0
DA:490,0
DA:494,155
DA:496,42
DA:497,42
DA:499,13
DA:500,13
DA:501,13
DA:502,13
DA:503,13
DA:504,2
DA:506,11
DA:508,13
DA:509,13
DA:511,39
DA:512,39
DA:513,39
DA:514,39
DA:515,39
DA:516,5
DA:517,5
DA:518,5
DA:520,161
DA:521,122
DA:522,122
DA:523,122
DA:525,39
DA:526,39
DA:529,3
DA:530,3
DA:531,3
DA:532,2
DA:533,1
DA:534,1
DA:537,5
DA:538,3
DA:539,3
DA:542,3
DA:545,16
DA:547,16
DA:548,16
DA:549,16
DA:550,16
DA:551,3
DA:553,0
DA:554,0
DA:557,3
DA:560,13
DA:561,13
DA:562,6
DA:563,6
DA:564,17
DA:565,13
DA:566,13
DA:567,2
DA:568,2
DA:569,2
DA:571,11
DA:574,7
DA:575,7
DA:576,7
DA:577,7
DA:578,7
DA:579,7
DA:582,16
DA:585,2
DA:586,2
DA:587,2
DA:588,2
DA:589,2
DA:590,2
DA:592,0
DA:594,2
DA:595,2
DA:596,2
DA:597,2
DA:598,2
DA:599,2
DA:600,2
DA:601,2
DA:602,2
DA:603,1
DA:604,1
DA:605,1
DA:606,1
DA:607,1
DA:608,1
DA:609,1
DA:610,1
DA:612,2
DA:613,1
DA:614,1
DA:615,1
DA:616,1
DA:618,2
DA:619,2
DA:620,2
DA:621,2
DA:622,2
DA:623,2
DA:626,2
DA:628,2
DA:629,2
DA:631,2
DA:632,2
DA:633,2
DA:634,2
DA:636,0
DA:639,2
DA:640,2
DA:641,2
DA:642,2
DA:643,2
DA:644,0
DA:645,2
DA:646,2
DA:647,0
DA:649,2
DA:650,0
DA:653,2
DA:654,0
DA:655,0
DA:656,0
DA:657,0
DA:658,0
DA:659,0
DA:661,0
DA:662,0
DA:663,0
DA:665,2
DA:666,12
DA:667,10
DA:668,10
DA:669,10
DA:670,10
DA:672,2
DA:674,2
DA:677,2
DA:678,2
DA:680,35
DA:681,35
DA:682,35
DA:683,35
DA:684,35
DA:685,35
DA:686,35
DA:687,35
DA:688,29
DA:689,29
DA:691,6
DA:693,35
DA:694,35
DA:702,35
DA:703,35
DA:704,35
DA:705,35
DA:706,35
DA:707,35
DA:708,35
DA:709,26
DA:710,23
DA:711,1
DA:712,1
DA:713,22
DA:714,2
DA:715,2
DA:717,20
DA:718,20
DA:722,26
DA:723,9
DA:725,3
DA:728,35
LF:361
LH:286
end_of_record
