        -:    0:Source:s21_string.c
        -:    0:Graph:s21_string.gcno
        -:    0:Data:s21_string.gcda
        -:    0:Runs:57
        -:    1:// #include <stdio.h>
        -:    2:#include "s21_string.h"
        -:    3:#include <locale.h>
        -:    4:#include <stdarg.h>
        -:    5:// #include <stdio.h>
        -:    6:#include <string.h>
        -:    7:
        -:    8:float s21_pow(int x, int y);
        -:    9:int get_number(const char *p, long int *res);
        -:   10:int proc_spec_s(const char *str, va_list args, const Specifiers st_spec);
        -:   11:int proc_spec_d(const char *str, va_list args, const Specifiers st_spec);
        -:   12:int proc_spec_s(const char *str, va_list args, const Specifiers st_spec);
        -:   13:int proc_spec_f(const char *str, va_list args, const Specifiers st_spec);
        -:   14:int proc_spec_c(const char *str, va_list args, const Specifiers st_spec);
        -:   15:int is_alpha(char c);
        -:   16:int is_digit(char c);
        -:   17:int is_space(char c);
        -:   18:// Specifiers parse_specifiers(const char *format);
        -:   19:int parse_specifiers(const char *format, Specifiers *st_spec);
        -:   20:
        -:   21:void monster_flags(const char *format, Specifiers *flags);
        -:   22:void handle_char(char **buffer, Specifiers flags, int c);
        -:   23:void handle_int(char **buffer, Specifiers flags, int d);
        -:   24:void handle_float(char **buffer, Specifiers flags, double f);
        -:   25:void handle_string(char **buffer, Specifiers flags, const char *s);
        -:   26:void handle_unsigned(char **buffer, Specifiers flags, unsigned int u);
        -:   27:void handle_percent(char **buffer, Specifiers flags);
        -:   28:
        -:   29:/**
        -:   30: TODO: Part 1. string.h Functions
        -:   31: - Оформи решение как статическую библиотеку с названием s21_string.a (с
        -:   32:заголовочным файлом s21_string.h).
        -:   33: - Библиотека должна быть разработана в соответствии с принципами структурного
        -:   34:программирования, обязательно исключи дублирование в коде.
        -:   35: - Подготовь полное покрытие unit-тестами функций библиотеки c помощью
        -:   36:библиотеки Check.
        -:   37: - Unit-тесты должны проверять результаты работы твоей реализации путём
        -:   38:сравнения ее с реализацией стандартной библиотеки string.h.
        -:   39: - Unit-тесты должны покрывать не менее 80% каждой функции.
        -:   40: - Предусмотри Makefile для сборки библиотеки и тестов (с целями all, clean,
        -:   41:test, s21_string.a, gcov_report).
        -:   42: - В цели gcov_report должен формироваться отчёт gcov в виде html страницы. Для
        -:   43:этого unit-тесты должны запускаться с флагами gcov.
        -:   44: - Перед каждой функцией используй префикс s21_.
        -:   45:No.	Function	Description
        -:   46: - [ ] void *s21_memchr(const void *str, int c, s21_size_t n)	Searches for the
        -:   47:first occurrence of the character c (an unsigned char) in the first n bytes of
        -:   48:the string pointed to, by the argument str.
        -:   49: - [ ] int s21_memcmp(const void *str1, const void *str2, s21_size_t n)	Compares
        -:   50:the first n bytes of str1 and str2.
        -:   51: - [x] void *s21_memcpy(void *dest, const void *src, s21_size_t n)	Copies n
        -:   52:characters from src to dest.
        -:   53: - [x] void *s21_memset(void *str, int c, s21_size_t n)	Copies the character c
        -:   54:(an unsigned char) to the first n characters of the string pointed to, by the
        -:   55:argument str.
        -:   56: - [x] char *s21_strncat(char *dest, const char *src, s21_size_t n)	Appends
        -:   57:the string pointed to, by src to the end of the string pointed to, by dest up to
        -:   58:n characters long.
        -:   59: - [x] char *s21_strchr(const char *str, int c)	Searches for the first
        -:   60:occurrence of the character c (an unsigned char) in the string pointed to, by
        -:   61:the argument str.
        -:   62: - [x] int s21_strncmp(const char *str1, const char *str2, s21_size_t n)
        -:   63:Compares at most the first n bytes of str1 and str2.
        -:   64: - [x] char *s21_strncpy(char *dest, const char *src, s21_size_t n)	Copies
        -:   65:up to n characters from the string pointed to, by src to dest.
        -:   66: - [x] s21_size_t s21_strcspn(const char *str1, const char *str2)
        -:   67:Calculates the length of the initial segment of str1 which consists entirely of
        -:   68:characters not in str2.
        -:   69: - [ ] 	char *s21_strerror(int errnum)	Searches an internal array for the error
        -:   70:number errnum and returns a pointer to an error message string. You need to
        -:   71:declare macros containing arrays of error messages for mac and linux operating
        -:   72:systems. Error descriptions are available in the original library. Checking the
        -:   73:current OS is carried out using directives.
        -:   74: - [x] 	s21_size_t s21_strlen(const char *str)	Computes the length of the
        -:   75:string str up to but not including the terminating null character.
        -:   76: - [ ] 	char *s21_strpbrk(const char *str1, const char *str2)	Finds the first
        -:   77:character in the string str1 that matches any character specified in str2.
        -:   78: - [ ] 	char *s21_strrchr(const char *str, int c)	Searches for the last
        -:   79:occurrence of the character c (an unsigned char) in the string pointed to by the
        -:   80:argument str.
        -:   81: - [ ] 	char *s21_strstr(const char *haystack, const char *needle)	Finds
        -:   82:the first occurrence of the entire string needle (not including the terminating
        -:   83:null character) which appears in the string haystack.
        -:   84: - [ ] 	char *s21_strtok(char *str, const char *delim)	Breaks string str into a
        -:   85:series of tokens separated by delim.
        -:   86: */
        -:   87:
        -:   88:/**
        -:   89:TODO: Part 2. Частичная реализация функции sprintf
        -:   90:Тебе необходимо реализовать функцию sprintf из библиотеки stdio.h:
        -:   91:- [ ] sprintf(): %[флаги][ширина][.точность][длина]спецификатор
        -:   92:- [ ] обработка форматной строки и заполнение параметров вывода (Структура?)
        -:   93:Функция должна быть размещена в библиотеке s21_string.h.
        -:   94:На реализацию функции накладываются все требования, изложенные в первой части.
        -:   95:Должно поддерживаться частичное форматирование:
        -:   96:Спецификаторы: c, d, f, s, u, %
        -:   97:Флаги: -, +, (пробел)
        -:   98:Ширина: (число)
        -:   99:Точность: .(число)
        -:  100:Длина: h, l
        -:  101: */
        -:  102:
        -:  103:/**
        -:  104:TODO: Part 3. Дополнительно. Реализация некоторых модификаторов формата функции
        -:  105:- [ ] sprintf Необязательное задание на дополнительные баллы: реализуй некоторые
        -:  106:модификаторы формата функции sprintf из библиотеки stdio.h:
        -:  107:
        -:  108:Функция должна быть размещена в библиотеке s21_string.h.
        -:  109:На реализацию функции накладываются все требования, изложенные в первой части.
        -:  110:Должны поддерживаться следующие дополнительные модификаторы формата:
        -:  111:Спецификаторы: g, G, e, E, x, X, o, p
        -:  112:Флаги: #, 0
        -:  113:Ширина: *
        -:  114:Точность: .*
        -:  115:Длина: L
        -:  116:*/
        6:  117:int s21_memcmp(const void *str1, const void *str2, s21_size_t n) {
        6:  118:    if (str1 && str2) { // Проверяем, что оба указателя не NULL
        5:  119:        const unsigned char *s1 = (const unsigned char *)str1;
        5:  120:        const unsigned char *s2 = (const unsigned char *)str2;
        -:  121:
       27:  122:        for (s21_size_t i = 0; i < n; i++) {
       24:  123:            if (s1[i] != s2[i]) { // Сравниваем байты
        2:  124:                return (int)(s1[i] - s2[i]); // Возвращаем разницу между байтами
        -:  125:            }
        -:  126:        }
        -:  127:    }
        -:  128:
        4:  129:    return 0; // Если все байты совпадают или n == 0, возвращаем 0
        -:  130:}
        -:  131:
        4:  132:void *s21_memset(void *str, int c, s21_size_t n) {
        4:  133:    if (str) { // Проверяем, что указатель не NULL
        3:  134:        unsigned char *ptr = (unsigned char *)str; // Преобразуем указатель к типу unsigned char*
        3:  135:        unsigned char value = (unsigned char)c;    // Преобразуем значение c к unsigned char
        -:  136:
       18:  137:        for (s21_size_t i = 0; i < n; i++) {
       15:  138:            ptr[i] = value; // Записываем значение в каждый байт
        -:  139:        }
        -:  140:    }
        -:  141:
        4:  142:    return str; // Возвращаем исходный указатель
        -:  143:}
        -:  144:
        4:  145:char *s21_strncat(char *dest, const char *src, s21_size_t n) {
        4:  146:    if (dest && src) { // Проверяем, что обе строки не NULL
        3:  147:        char *dest_end = dest;
        -:  148:
        -:  149:        // Находим конец строки dest
       24:  150:        while (*dest_end) {
       21:  151:            dest_end++;
        -:  152:        }
        -:  153:
        -:  154:        // Копируем символы из src в dest, пока не достигнем n или '\0'
        9:  155:        for (s21_size_t i = 0; i < n && *src; i++, src++, dest_end++) {
        6:  156:            *dest_end = *src;
        -:  157:        }
        -:  158:
        -:  159:        // Добавляем завершающий нулевой символ
        3:  160:        *dest_end = '\0';
        -:  161:    }
        -:  162:
        4:  163:    return dest; // Возвращаем указатель на dest
        -:  164:}
        -:  165:
       20:  166:int contains_char(const char *str, char ch) {
       44:  167:    while (*str) {
       26:  168:        if (*str == ch) {
        2:  169:            return 1; // Найден символ
        -:  170:        }
       24:  171:        str++;
        -:  172:    }
       18:  173:    return 0; 
        -:  174:}
        -:  175:
        7:  176:s21_size_t s21_strcspn(const char *str1, const char *str2) {
        7:  177:    s21_size_t count = 0;
        -:  178:
        7:  179:    if (str1 && str2) { // Проверяем, что обе строки не NULL
       23:  180:        while (*str1 && !contains_char(str2, *str1)) {
       18:  181:            count++;
       18:  182:            str1++;
        -:  183:        }
        -:  184:    }
        -:  185:
        7:  186:    return count;
        -:  187:}
        -:  188:
        4:  189:char *s21_strncpy(char *dest, const char *src, s21_size_t n) {
        4:  190:    s21_size_t i = 0;
       14:  191:    while (i < n && src[i] != '\0') {
       10:  192:        dest[i] = src[i];
       10:  193:        i++;
        -:  194:    }
       14:  195:    while (i < n) {
       10:  196:        dest[i] = '\0';
       10:  197:        i++;
        -:  198:    }
        4:  199:    return dest; 
        -:  200:}
        -:  201:
       26:  202:s21_size_t s21_strlen(const char *str) {
       26:  203:  s21_size_t len = 0;
 42949918:  204:  for (; *(str + len); len++)
        -:  205:    ;
       26:  206:  return len;
        -:  207:}
        -:  208:
        -:  209:/**
        -:  210: * @brief Finds the first occurrence of a character in a string.
        -:  211: *
        -:  212: * @param str The string to search.
        -:  213: * @param ch The character to find.
        -:  214: * @return A pointer to the first occurrence of the character in the string, or
        -:  215: * NULL if the character is not found.
        -:  216: */
        8:  217:int s21_strncmp(const char *str1, const char *str2, s21_size_t n) {
        8:  218:  int rtn = 0;
        8:  219:  int is_diff = 0;
       26:  220:  for (s21_size_t i = 0; i < n && !is_diff; i++) {
       18:  221:    if (str1[i] != str2[i] || str1[i] == '\0' || str2[i] == '\0') {
        5:  222:      is_diff++;
        5:  223:      rtn = (unsigned char)str1[i] - (unsigned char)str2[i];
        -:  224:    }
        -:  225:  }
        8:  226:  return rtn;
        -:  227:}
        -:  228:
        7:  229:int s21_strcmp(const char *str1, const char *str2) {
        7:  230:  int rtn = 0;
       19:  231:  for (; *str1 && *str1 == *str2; str1++, str2++)
        -:  232:    ;
        7:  233:  int result = *str1 - *str2;
        7:  234:  if (result > 0)
        1:  235:    rtn = 1;
        6:  236:  else if (result < 0)
        3:  237:    rtn = -1;
        -:  238:  else
        3:  239:    rtn = 0;
        -:  240:
        7:  241:  return rtn;
        -:  242:}
        -:  243:
        -:  244:/**
        -:  245: * @brief Copies the string pointed to by src to the buffer pointed to by dest.
        -:  246: *
        -:  247: * @param dest The destination buffer.
        -:  248: * @param src The source string.
        -:  249: * @return A pointer to the destination buffer.
        -:  250: */
        3:  251:char *s21_strcpy(char *dest, const char *src) {
        3:  252:  if (src != S21_NULL) {
      105:  253:    for (int i = 0; (dest[i] = src[i]) != '\0'; i++) {
        -:  254:    }
        -:  255:  }
        3:  256:  return dest;
        -:  257:}
        -:  258:
        5:  259:char *s21_strcat(char *destination, const char *append) {
        5:  260:  int len = 0;
       42:  261:  for (; destination[len] != '\0'; len++) {
        -:  262:  }
       47:  263:  for (; *append; append++, len++) {
       42:  264:    destination[len] = *append;
        -:  265:  }
        5:  266:  return destination;
        -:  267:}
        -:  268:
        -:  269:/**
        -:  270: * @brief Finds the first occurrence of a character in a string.
        -:  271: *
        -:  272: * @param str The string to search.
        -:  273: * @param ch The character to find.
        -:  274: * @return A pointer to the first occurrence of the character in the string, or
        -:  275: * NULL if the character is not found.
        -:  276: */
        6:  277:char *s21_strchr(const char *str, int ch) {
        6:  278:  char *rtn = S21_NULL;
        6:  279:  if (str != S21_NULL) {
       48:  280:    for (; *str != '\0' && *str != ch; str++) {
        -:  281:    }
        6:  282:    if (*str == ch)
        4:  283:      rtn = (char *)str;
        -:  284:  }
        6:  285:  return rtn;
        -:  286:}
        -:  287:
        -:  288:/**
        -:  289: * @brief Copies n bytes from the memory area src to the memory area dest.
        -:  290: *
        -:  291: * @param dest The destination memory area.
        -:  292: * @param src The source memory area.
        -:  293: * @param n The number of bytes to copy.
        -:  294: * @return A pointer to the destination memory area.
        -:  295: */
        5:  296:void *s21_memcpy(void *dest, const void *src, s21_size_t n) {
        -:  297:  // Приводим указатели к типу char* для побайтового копирования
        5:  298:  char *d = (char *)dest;
        5:  299:  const char *s = (const char *)src;
        -:  300:
        -:  301:  // Копируем n байт из src в dest
     1048:  302:  for (size_t i = 0; i < n; i++) {
     1043:  303:    d[i] = s[i];
        -:  304:  }
        -:  305:  // Возвращаем указатель на dest
        5:  306:  return dest;
        -:  307:}
        -:  308:
    #####:  309:int parse_specifiers_length(const char *format) {
    #####:  310:  int len = 0;
    #####:  311:  while (format[len] && (format[len]!=' ' || format[len] != '%')) {
    #####:  312:    len++;
        -:  313:  }
        -:  314:  // if (is_alpha(format[len])) {
        -:  315:  //   len++; // Учитываем спецификатор
        -:  316:  // }
    #####:  317:  DEBUG_PRINT("len = %d, format= = %s\n", len, format);
    #####:  318:  return len;
        -:  319:}
        -:  320:
    #####:  321:void int_to_str(int num, char *str, int base) {
    #####:  322:  int i = 0;
    #####:  323:  int is_negative = 0;
        -:  324:
        -:  325:  // Обрабатываем 0 отдельно
    #####:  326:  if (num == 0) {
    #####:  327:    str[i++] = '0';
    #####:  328:    str[i] = '\0';
    #####:  329:    return;
        -:  330:  }
        -:  331:
        -:  332:  // Обрабатываем отрицательные числа для десятичной системы
    #####:  333:  if (num < 0 && base == 10) {
    #####:  334:    is_negative = 1;
    #####:  335:    num = -num; // Преобразуем в положительное
        -:  336:  }
        -:  337:
        -:  338:  // Преобразуем число в строку (обратный порядок)
    #####:  339:  while (num > 0) {
    #####:  340:    int digit = num % base;
    #####:  341:    str[i++] = (digit > 9) ? (digit - 10) + 'A' : digit + '0';
    #####:  342:    num /= base;
        -:  343:  }
        -:  344:
        -:  345:  // Добавляем знак минус для десятичной системы
    #####:  346:  if (is_negative) {
    #####:  347:    str[i++] = '-';
        -:  348:  }
        -:  349:
    #####:  350:  str[i] = '\0'; // Завершаем строку
        -:  351:
        -:  352:  // Переворачиваем строку
    #####:  353:  int start = 0, end = i - 1;
    #####:  354:  while (start < end) {
    #####:  355:    char temp = str[start];
    #####:  356:    str[start] = str[end];
    #####:  357:    str[end] = temp;
    #####:  358:    start++;
    #####:  359:    end--;
        -:  360:  }
        -:  361:}
        -:  362:
        -:  363:
        9:  364:int s21_sprintf(char *str, const char *format, ...) {
        -:  365:    va_list args;
        9:  366:    va_start(args, format);
        9:  367:    char *buffer = str;
        9:  368:    const char *ptr = format;
       92:  369:    while (*ptr) {
        -:  370:      // DEBUG_PRINT("ptr = %c\n", *ptr);
       83:  371:        if (*ptr == '%') {
        -:  372:            // ptr++;
        8:  373:            Specifiers flags  = {'*', -10, 0, '*', '*'};;
        -:  374:            // int t = parse_specifiers(ptr, &flags);
        8:  375:            ptr += parse_specifiers(ptr, &flags);
        -:  376:            // DEBUG_PRINT("Spec string_length = %d\n", t);
        -:  377:            // DEBUG_PRINT("RESULT: Specifier=%c, Length=%c, Precision=%i,  Width=%d, Flags=%c\n", flags.specifier,flags.length,flags.precision,flags.width,flags.flag);
        8:  378:            char spec = *ptr;
        8:  379:                if (flags.specifier== 'c') {
    #####:  380:                    int c = va_arg(args, int);
    #####:  381:                    handle_char(&buffer, flags, c);
        8:  382:                } else if (flags.specifier== 'd') {
        5:  383:                    int d = va_arg(args, int);
        5:  384:                    handle_int(&buffer, flags, d);
        3:  385:                } else if (flags.specifier == 'f') {
        2:  386:                    double f = va_arg(args, double);
        2:  387:                    handle_float(&buffer, flags, f);
        1:  388:                } else if (flags.specifier == 's') {
        1:  389:                    const char *s = va_arg(args, const char *);
        1:  390:                    handle_string(&buffer, flags, s);
    #####:  391:                } else if (flags.specifier == 'u') {
    #####:  392:                    unsigned int u = va_arg(args, unsigned int);
    #####:  393:                    handle_unsigned(&buffer, flags, u);
    #####:  394:                } else if (flags.specifier == '%') {
    #####:  395:                    handle_percent(&buffer, flags);
        -:  396:                }else
    #####:  397:                    *buffer++ = spec;
        -:  398:        } else {
       75:  399:            *buffer++ = *ptr++;
        -:  400:        }
        -:  401:    }
        9:  402:    *buffer = '\0';
        9:  403:    va_end(args);
        9:  404:    return (int)s21_strlen(str);
        -:  405:}
        -:  406:
        -:  407:
    #####:  408:void handle_char(char **buffer, Specifiers flags, int c) {
    #####:  409:  if (flags.width>0) {
        -:  410:
    #####:  411:    *(*buffer)++ = (char)c;
    #####:  412:    **buffer = '\0';
        -:  413:  }
    #####:  414:}
        -:  415:
        -:  416:
        -:  417:/**
        -:  418:* @brief Handles the formatting of an integer according to the specified flags.
        -:  419:*
        -:  420:* @param buffer A pointer to the buffer where the formatted string will be stored.
        -:  421:* @param flags The flags specifying the formatting options.
        -:  422:* @param d The integer to be formatted.
        -:  423:*/
        5:  424:void handle_int(char **buffer, Specifiers flags, int d) {
        5:  425:    char tmp[300] = {0};
        5:  426:    int is_negative = (d < 0);
       5*:  427:    int num = (is_negative) ? -d : d; // Работаем с положительным числом
        5:  428:    int len = 0;
        -:  429:
        -:  430:    // Преобразуем число в строку вручную
        5:  431:    if (num == 0) {
    #####:  432:        tmp[len++] = '0';
        -:  433:    } else {
       15:  434:        while (num > 0) {
       10:  435:            tmp[len++] = '0' + (num % 10); // Получаем цифру и добавляем её в массив
       10:  436:            num /= 10;
        -:  437:        }
        -:  438:    }
        -:  439:
        -:  440:    // Если число отрицательное, добавляем минус
        5:  441:    if (is_negative) {
    #####:  442:        tmp[len++] = '-';
        -:  443:    }
        -:  444:
        -:  445:    // Если задана точность, дополняем нулями слева
        5:  446:    if (flags.precision >= 0 && len < flags.precision) {
    #####:  447:        int padding = flags.precision - len;
    #####:  448:        for (int i = len - 1; i >= 0; i--) {
    #####:  449:            tmp[i + padding] = tmp[i]; // Сдвигаем символы вправо
        -:  450:        }
    #####:  451:        for (int i = 0; i < padding; i++) {
    #####:  452:            tmp[i] = '0'; // Добавляем нули
        -:  453:        }
    #####:  454:        len += padding;
        -:  455:    }
        -:  456:
        -:  457:    // Разворачиваем строку, так как мы записывали цифры в обратном порядке
       10:  458:    for (int i = 0, j = len - 1; i < j; i++, j--) {
        5:  459:        char temp = tmp[i];
        5:  460:        tmp[i] = tmp[j];
        5:  461:        tmp[j] = temp;
        -:  462:    }
        -:  463:
        -:  464:    // Определяем общую длину с учетом ширины
        5:  465:    int total_width = flags.width > 0 ? flags.width : 0;
        5:  466:    int padding = total_width > len ? total_width - len : 0;
        5:  467:    DEBUG_PRINT("padding= %d, total_width=%d\n", padding, total_width);
        -:  468:
        -:  469:    // Копируем результат в буфер с учетом ширины
        5:  470:    if (flags.flag=='-' ) { // Левое выравнивание
        -:  471:        // Сначала копируем число
        3:  472:        for (int i = 0; i < len; i++) {
        2:  473:            *(*buffer + i) = tmp[i];
        -:  474:        }
        1:  475:        *buffer += len;
        -:  476:
        -:  477:        // Затем добавляем пробелы справа
        4:  478:        for (int i = 0; i < padding; i++) {
        3:  479:            *(*buffer) = ' ';
        3:  480:            *buffer += 1;
        -:  481:        }
        -:  482:    } else { // Правое выравнивание
        4:  483:        char fill_char = (flags.flag=='0' && !is_negative) ? '0' : ' '; // Определяем символ заполнения
        -:  484:        // Сначала добавляем символы заполнения
       10:  485:        for (int i = 0; i < padding; i++) {
        6:  486:            *(*buffer) = fill_char;
        6:  487:            *buffer += 1;
        -:  488:        }
        -:  489:        // Затем копируем число
       12:  490:        for (int i = 0; i < len; i++) {
        8:  491:            *(*buffer + i) = tmp[i];
        -:  492:        }
        4:  493:        *buffer += len;
        -:  494:    }
        -:  495:
        -:  496:    // Добавляем завершающий нулевой символ, если необходимо
        5:  497:    *(*buffer) = '\0';
        5:  498:}
        -:  499:
        2:  500:void handle_float(char **buffer, Specifiers flags, double f) {
        2:  501:    char tmp[200] = {0};
        2:  502:    if (flags.precision >= 0) {
        2:  503:        char fmt[20] = {0};
        2:  504:        sprintf(fmt, "%%.%df", flags.precision);
        2:  505:        sprintf(tmp, fmt, f);
        -:  506:    } else {
    #####:  507:        sprintf(tmp, "%f", f);
        -:  508:    }
        2:  509:    strcpy(*buffer, tmp);
        2:  510:    *buffer += strlen(tmp);
        2:  511:}
        -:  512:
        1:  513:void handle_string(char **buffer, Specifiers flags, const char *s) {
        1:  514:  if (flags.specifier == 's') {
        -:  515:
        1:  516:    if (s == 0) {
    #####:  517:        s = "(null)";
        -:  518:    }
        1:  519:    strcpy(*buffer, s);
        1:  520:    *buffer += strlen(s);
        -:  521:  }
        1:  522:}
        -:  523:
    #####:  524:void handle_unsigned(char **buffer, Specifiers flags, unsigned int u) {
    #####:  525:  if (flags.specifier == 'u') {
    #####:  526:    char tmp[100] = {0};
    #####:  527:    sprintf(tmp, "%u", u);
    #####:  528:    strcpy(*buffer, tmp);
    #####:  529:    *buffer += strlen(tmp);
        -:  530:  }
    #####:  531:}
        -:  532:
    #####:  533:void handle_percent(char **buffer, Specifiers flags) {
    #####:  534:  if (flags.specifier=='%'){
        -:  535:
    #####:  536:    *(*buffer)++ = '%';
    #####:  537:    **buffer = '\0';
        -:  538:  }
    #####:  539:}
        -:  540:
        -:  541:/**
        -:  542:* @brief Parses the format string and extracts the specifiers.
        -:  543:*
        -:  544:* @param fmt The format string to parse.
        -:  545:* @param st_spec A pointer to a Specifiers struct to store the parsed specifiers.
        -:  546:* @return The number of characters parsed.
        -:  547:*/
       10:  548:int parse_specifiers(const char *fmt, Specifiers *st_spec) {
        -:  549:  // Specifiers st_spec = {'*', -10, 0, '*', '*'};
       10:  550:  const char *format = fmt;
       10:  551:  format++;
       10:  552:  DEBUG_PRINT("format=%s\n", format);
        -:  553:  // Flags
       10:  554:  if ((*(format) == '+' || *(format) == '-' || *(format) == ' ' ||
        9:  555:       *(format) == '#' || *(format) == '0')) {
        2:  556:    st_spec->flag = *(format);
        2:  557:    DEBUG_PRINT(" FLAGS=%c\n", st_spec->flag);
        2:  558:    format++;
        -:  559:  }
       10:  560:  if (*(format) == '*' || is_digit(*(format))) {
        4:  561:    st_spec->width = 0;
        4:  562:    if (*(format) == '*') {
        -:  563:
    #####:  564:      st_spec->width = -1;
    #####:  565:      format++;
        -:  566:    } else {
        8:  567:      while (is_digit(*(format))) {
        4:  568:        st_spec->width = st_spec->width * 10 + *(format) - '0';
        4:  569:        format++;
        -:  570:      }
        -:  571:    }
        -:  572:    // format++;
        4:  573:    DEBUG_PRINT("Width=%i\n", st_spec->width);
        -:  574:  }
        -:  575:  // Precision
       10:  576:  if (*(format) == '.') {
        2:  577:    format++;
        2:  578:    st_spec->precision = 0;
        2:  579:    if (*(format) == '*')
    #####:  580:      st_spec->precision = -1;
        -:  581:    else {
        4:  582:      while (is_digit(*(format))) {
        2:  583:        st_spec->precision = st_spec->precision * 10 + *(format) - '0';
        2:  584:        format++;
        -:  585:      }
        -:  586:    }
        2:  587:    DEBUG_PRINT(" Precision=%i\n", st_spec->precision);
        -:  588:  }
        -:  589:
        -:  590:  // Length
       10:  591:  if (*(format) == 'h' || *(format) == 'l' || *(format) == 'L') {
    #####:  592:    st_spec->length = *(format);
    #####:  593:    format++;
    #####:  594:    DEBUG_PRINT(" Length=%c\n", st_spec->length);
        -:  595:  }
        -:  596:
        -:  597:  // Specifiers
       10:  598:    DEBUG_PRINT("format=%s\n", format);
       10:  599:  if (*format == 'c' || *format == 'd' || *format == 'i' || *format == 'f' ||
       2*:  600:      *format == 's' || *format == 'u' || *format == '%' || *format == 'g' ||
    #####:  601:      *format == 'G' || *format == 'e' || *format == 'E' || *format == 'x' ||
    #####:  602:      *format == 'X' || *format == 'o' || *format == 'p') {
       10:  603:    st_spec->specifier = *format;
       10:  604:    format++;
       10:  605:    DEBUG_PRINT("Specifier=%c\n", st_spec->specifier);
        -:  606:  } else {
    #####:  607:    st_spec->specifier = '0';
        -:  608:  }
        -:  609:  // format++;
       10:  610:  DEBUG_PRINT("RESULT: Specifier=%c, Length=%c, Precision=%i,  Width=%d, Flags=%c\n", st_spec->specifier,st_spec->length,st_spec->precision,st_spec->width,st_spec->flag);
       10:  611:  return format-fmt;
        -:  612:}
        -:  613:
       22:  614:int is_digit(char c) { return (c >= '0' && c <= '9'); }
        -:  615:
    #####:  616:int is_alpha(char c) {
    #####:  617:  return (c >= 'A' && c <= 'Z') || (c >= 'a' && c <= 'z');
        -:  618:}
        -:  619:
        6:  620:int is_space(char c) {
       6*:  621:  return (c == ' ' || c == '\t' || c == '\n' || c == '\r');
        -:  622:}
        -:  623:
        -:  624:/*TODO: Flags
        -:  625: - [ ] #    При использовании со спецификаторами o, x или X перед числом
        -:  626: вставляется 0, 0x или 0X соответственно (для значений, отличных от нуля). При
        -:  627: использовании с e, E и f «заставляет» записанный вывод содержать десятичную
        -:  628: точку, даже если за ней не последует никаких цифр. По умолчанию, если не
        -:  629: следует никаких цифр, десятичная точка не записывается. При использовании с g
        -:  630: или G результат такой же, как и с e или E, но конечные нули не удаляются.
        -:  631: - [ ] 0    Заполняет число слева нулями (0) вместо пробелов, где указан
        -:  632: спецификатор ширины (см. подспецификатор ширины).
        -:  633:*/
        -:  634:
        -:  635:/*TODO: Width
        -:  636: - [ ] (число)  Минимальное количество печатаемых символов. Если выводимое
        -:  637: значение короче этого числа, результат дополняется пробелами. Значение не
        -:  638: усекается, даже если результат больше.
        -:  639: - [ ] *    В sprintf знак * значит, что ширина указывается не в строке формата,
        -:  640: а в качестве дополнительного аргумента целочисленного значения, предшествующего
        -:  641: аргументу, который необходимо отформатировать. В sscanf знак *, помещенный
        -:  642: после % и перед спецификатором формата, считывает данные указанного типа, но
        -:  643: подавляет их присваивание.
        -:  644: */
        -:  645:
        -:  646:/*TODO: Длина
        -:  647: - [ ] h    Аргумент интерпретируется как короткое int или короткое int без
        -:  648: знака (применяется только к целочисленным спецификаторам: i, d, o, u, x и X).
        -:  649: - [ ] l    Аргумент интерпретируется как длинное int или длинное int без знака
        -:  650: для целочисленных спецификаторов (i, d, o, u, x и X) и как широкий символ или
        -:  651: строка широких символов для спецификаторов c и s.
        -:  652: - [ ] L    Аргумент интерпретируется как длинный double (применяется только к
        -:  653: спецификаторам с плавающей точкой — e, E, f, g и G).
        -:  654:*/
        -:  655:
        -:  656:/**
        -:  657:TODO: Part 4. Дополнительно. Реализация функции sscanf
        -:  658:Необязательное задание на дополнительные баллы: реализуй функцию sscanf из
        -:  659:библиотеки stdio.h:
        -:  660:%[*][ширина][длина]спецификатор
        -:  661:Функция должна быть размещена в библиотеке s21_string.h;
        -:  662:На реализацию функции накладываются все требования, изложенные в первой части.
        -:  663:Должно поддерживаться полное форматирование (с учетом флагов, ширины, точности,
        -:  664:модификаторов и типов преобразования).
        -:  665:[ ] Спецификаторы: c, d, f, s, u, %, i
        -:  666: - Ширина: (число)
        -:  667: - Длина: h, l
        -:  668:[ ] Спецификаторы: g, G, e, E, x, X, o, p
        -:  669: - Ширина: *
        -:  670: - Длина: L
        -:  671:[x] %[*|ширина][длина]c.
        -:  672:[x] %[*|ширина][длина]d.
        -:  673:[x] %[*|ширина][длина]f.
        -:  674:[ ] %[*|ширина][длина]s.
        -:  675:[ ] %[*|ширина][длина]u.
        -:  676:[ ] %[*|ширина][длина]%
        -:  677:[ ] %[*|ширина][длина]g.
        -:  678:[ ] %[*|ширина][длина]G.
        -:  679:[ ] %[*|ширина][длина]e.
        -:  680:[ ] %[*|ширина][длина]E.
        -:  681:[ ] %[*|ширина][длина]x.
        -:  682:[ ] %[*|ширина][длина]X.
        -:  683:[ ] %[*|ширина][длина]o.
        -:  684:[ ] %[*|ширина][длина]p.
        -:  685:*/
        -:  686:
        2:  687:int s21_sscanf(const char *str, const char *format, ...) {
        -:  688:  va_list args;
        2:  689:  va_start(args, format);
        -:  690:  Specifiers st_spec;
        2:  691:  const char *p = str; // Указатель на входную строку
        2:  692:  const char *fmt = format; // Указатель на строку формата
        -:  693:  //%[*/ширина][длина]спецификатор.
        2:  694:  int res = 0;
        -:  695:
        7:  696:  while (*fmt) {
        5:  697:    if (*fmt == '%') {
        2:  698:      DEBUG_PRINT("\n");
        2:  699:      parse_specifiers(fmt, &st_spec);
        -:  700:      // st_spec = parse_specifiers(fmt);
        2:  701:      if (st_spec.width < -1) {
    #####:  702:        st_spec.width = s21_strlen(p);
        -:  703:      }
        -:  704:      // DEBUG_PRINT("\nFormat string:%s\n", fmt);
        2:  705:      DEBUG_PRINT(" result=%d\n", res);
        2:  706:      DEBUG_PRINT(" str=%s\n", p);
        2:  707:      DEBUG_PRINT(" format=%s\n", fmt);
        2:  708:      DEBUG_PRINT(" !!! Flag=%c, Width=%i, Length=%c, Precision=%i, "
        -:  709:                  "Specifiers=%c\n",
        -:  710:                  st_spec.flag, st_spec.width, st_spec.length,
        -:  711:                  st_spec.precision, st_spec.specifier);
        2:  712:      if (st_spec.specifier == 'c') {
        1:  713:        int step = 0;
        1:  714:        step = proc_spec_c(p, args, st_spec);
        1:  715:        if (step > 0) {
        1:  716:          p = p + step;
        1:  717:          if (st_spec.width != asterisk) {
        1:  718:            res++;
        -:  719:          }
    #####:  720:        } else if (step <= 0) {
    #####:  721:          res--;
        -:  722:        }
        1:  723:        DEBUG_PRINT(" after process Char Result=%d\n", res);
        -:  724:
        1:  725:      } else if (st_spec.specifier == 'd') {
    #####:  726:        while ((is_space(*p)) && *p != '-') {
    #####:  727:          DEBUG_PRINT("Noop symbol:|%c|\n", *p);
    #####:  728:          p++;
        -:  729:        }
    #####:  730:        int step = 0;
    #####:  731:        step = proc_spec_d(p, args, st_spec);
    #####:  732:        if (step > 0) {
    #####:  733:          p = p + step;
    #####:  734:          if (st_spec.width != asterisk) {
    #####:  735:            res++;
        -:  736:          }
    #####:  737:        } else if (step < 0) {
    #####:  738:          res--;
        -:  739:        }
    #####:  740:        DEBUG_PRINT(" FINISH position=%s\n", p);
        -:  741:
        1:  742:      } else if (st_spec.specifier == 'f') {
    #####:  743:        while ((is_space(*p)) && *p != '-') {
    #####:  744:          DEBUG_PRINT("Noop symbol:|%c|\n", *p);
    #####:  745:          p++;
        -:  746:        }
    #####:  747:        int step = 0;
    #####:  748:        step = proc_spec_f(p, args, st_spec);
    #####:  749:        if (step > 0) {
    #####:  750:          p = p + step;
    #####:  751:          if (st_spec.width != asterisk) {
    #####:  752:            res++;
        -:  753:          }
    #####:  754:        } else if (step < 0) {
    #####:  755:          res--;
        -:  756:        }
        1:  757:      } else if (st_spec.specifier == 's') {
       1*:  758:        while ((is_space(*p)) && *p != '-') {
    #####:  759:          DEBUG_PRINT("Noop symbol:|%c|\n", *p);
    #####:  760:          p++;
        -:  761:        }
        1:  762:        int step = 0;
        1:  763:        step = proc_spec_s(p, args, st_spec);
        1:  764:        if (step > 0) {
        1:  765:          p = p + step;
        1:  766:          if (st_spec.width != asterisk) {
        1:  767:            res++;
        -:  768:          }
    #####:  769:        } else if (step < 0) {
    #####:  770:          res--;
        -:  771:        }
        1:  772:        DEBUG_PRINT(" after process string Result=%d\n", res);
    #####:  773:      } else if (st_spec.specifier == '%') {
    #####:  774:        DEBUG_PRINT(" Char=%c\n", *p);
    #####:  775:        p++;
    #####:  776:        fmt++;
        -:  777:      }
        3:  778:    } else if (st_spec.specifier == 'i') {
    #####:  779:      int znak = 1;
    #####:  780:      int i = 0;
    #####:  781:      int result = 0;
    #####:  782:      if (*p == '-') {
    #####:  783:        znak = -1;
    #####:  784:        p++;
        -:  785:      }
    #####:  786:      if (*p == '0') {
    #####:  787:        p++;
    #####:  788:        if (*p == 'x' || *p == 'X') {
    #####:  789:          p++;
        -:  790:        } else {
    #####:  791:          DEBUG_PRINT(" octal number\n");
    #####:  792:          while ((*p >= '0' && *p <= '8')) {
    #####:  793:            result = result * 8 + *p - '0';
    #####:  794:            p++;
    #####:  795:            i++;
        -:  796:          }
        -:  797:        }
        -:  798:      }
    #####:  799:      while (is_digit(*p)) {
    #####:  800:        result = result * 10 + *p - '0';
    #####:  801:        p++;
    #####:  802:        i++;
        -:  803:      }
    #####:  804:      if (i > 0) {
    #####:  805:        int *ch = va_arg(args, int *);
    #####:  806:        result = result * znak;
    #####:  807:        *ch = result;
    #####:  808:        p++;
    #####:  809:        res++;
    #####:  810:        DEBUG_PRINT(" Digit=%d\n", result);
        -:  811:      }
        -:  812:    }
        -:  813:
        5:  814:    fmt++;
        -:  815:  }
        2:  816:  DEBUG_PRINT(" FINISH result=%d\n", res);
        2:  817:  return res;
        -:  818:}
        -:  819:
    #####:  820:int read_wchar(const char **p, wchar_t *wch) {
    #####:  821:  int res = 0;
    #####:  822:  int bytes_read = mbtowc(wch, *p, MB_CUR_MAX);
    #####:  823:  DEBUG_PRINT(" wide Char wch=%x p=%s\n", *wch, *p);
    #####:  824:  if (bytes_read <= 0) {
    #####:  825:    res = -1;
        -:  826:  } else {
    #####:  827:    *p += bytes_read;
        -:  828:  }
    #####:  829:  DEBUG_PRINT(" result read_wchar=%d\n", res);
    #####:  830:  return res;
        -:  831:}
    #####:  832:int get_number(const char *p, long int *res) {
    #####:  833:  *res = 0;
    #####:  834:  int i = 0;
    #####:  835:  int znak = 1;
    #####:  836:  if (*p == '-' && is_digit(*(p + 1))) {
    #####:  837:    znak = -1;
    #####:  838:    p++;
    #####:  839:    i++;
        -:  840:  }
    #####:  841:  while (is_digit(*p)) {
    #####:  842:    *res = *res * 10 + (*p - '0');
    #####:  843:    p++;
    #####:  844:    i++;
        -:  845:  }
    #####:  846:  *res *= znak;
    #####:  847:  return i;
        -:  848:}
        -:  849:
    #####:  850:float s21_pow(int x, int y) {
    #####:  851:  float result = 1.0;
    #####:  852:  if (y < 0) {
    #####:  853:    while (y < 0) {
    #####:  854:      result = 1 / s21_pow(x, y * -1);
    #####:  855:      y++;
        -:  856:    }
        -:  857:  } else {
    #####:  858:    while (y > 0) {
    #####:  859:      result = result * x;
    #####:  860:      y--;
        -:  861:    }
        -:  862:  }
    #####:  863:  return result;
        -:  864:}
        -:  865:
        1:  866:int proc_spec_c(const char *str, va_list args, const Specifiers st_spec) {
        1:  867:  size_t max_len = s21_strlen(str);
        1:  868:  const char *p = str;
        1:  869:  DEBUG_PRINT(" String for decode=|%s|\n", str);
        1:  870:  if (st_spec.width == asterisk) {
    #####:  871:    if (st_spec.length == 'l') {
        -:  872:      wchar_t dummy;
    #####:  873:      for (int i = 0; i < st_spec.width && *p; i++) {
    #####:  874:        if (read_wchar(&p, &dummy) != 0)
    #####:  875:          break;
        -:  876:      }
        -:  877:    } else {
    #####:  878:      p += st_spec.width > 0 ? st_spec.width : 1;
        -:  879:    }
        -:  880:  } else {
        1:  881:    int width = st_spec.width > 0 ? st_spec.width : 1;
        1:  882:    if ((st_spec.length == 'l')) {
    #####:  883:      width = (width > (int)max_len) ? (int)max_len : width;
    #####:  884:      wchar_t *wch = va_arg(args, wchar_t *);
    #####:  885:      for (int i = 0; i < width; i++) {
    #####:  886:        DEBUG_PRINT(" wide Char=%x\n", L'Ω');
    #####:  887:        if (read_wchar(&p, &wch[i]) != 0) {
    #####:  888:          wch[i] = L'\0';
    #####:  889:          DEBUG_PRINT(" read char symbol=%d\n", i);
    #####:  890:          break;
        -:  891:        }
    #####:  892:        DEBUG_PRINT(" wide Char=%x\n", (wchar_t)wch[i]);
        -:  893:      }
        -:  894:    } else {
        1:  895:      char *ch = va_arg(args, char *);
        1:  896:      size_t copy_size = (size_t)width > max_len ? max_len : (size_t)width;
        1:  897:      s21_memcpy(ch, p, copy_size);
        1:  898:      ch[copy_size] = '\0';
        1:  899:      p += copy_size;
        1:  900:      DEBUG_PRINT(" ordinary Char=%c\n", *ch);
        -:  901:    }
        -:  902:  }
        1:  903:  return p - str;
        -:  904:}
        -:  905:
    #####:  906:int proc_spec_f(const char *str, va_list args, const Specifiers st_spec) {
    #####:  907:  char arg_str[s21_strlen(str) + 1];
    #####:  908:  if (st_spec.width >= 0) {
    #####:  909:    s21_memcpy(arg_str, str, st_spec.width);
    #####:  910:    arg_str[st_spec.width] = '\0';
        -:  911:  } else {
    #####:  912:    s21_memcpy(arg_str, str, st_spec.width);
        -:  913:  }
    #####:  914:  const char *p = arg_str; // Указатель на входную строку
    #####:  915:  DEBUG_PRINT(" String=%s\n", p);
    #####:  916:  long int res = 0;
    #####:  917:  int i = 0;
    #####:  918:  long double result = 0.0;
    #####:  919:  p += get_number(p, &res);
    #####:  920:  result += res;
    #####:  921:  DEBUG_PRINT(" RES_CELOE=%Lf\n", result);
    #####:  922:  if (*p == '.') {
    #####:  923:    p++;
    #####:  924:    i++;
    #####:  925:    int ost_div = get_number(p, &res);
    #####:  926:    DEBUG_PRINT(" Ostatoc_div=%d\n", ost_div);
    #####:  927:    result = result + res * (1 / s21_pow(10, ost_div));
    #####:  928:    p += ost_div;
    #####:  929:    DEBUG_PRINT(" String after get float=%s\n", p);
    #####:  930:    DEBUG_PRINT(" RES_frac=%Lf\n", result);
        -:  931:  }
    #####:  932:  if (*p == 'e' || *p == 'E') {
    #####:  933:    p++;
    #####:  934:    p += get_number(p, &res);
    #####:  935:    DEBUG_PRINT(" exp=%ld\n", res);
    #####:  936:    result = result * s21_pow(10, (res));
        -:  937:  }
    #####:  938:  if (p - arg_str > 0 && st_spec.width != asterisk) {
    #####:  939:    float *ch = va_arg(args, float *);
    #####:  940:    *ch = result;
    #####:  941:    p++;
    #####:  942:    i++;
    #####:  943:    DEBUG_PRINT(" Float=%Lf\n", result);
        -:  944:  }
        -:  945:  // DEBUG_PRINT(" value Length=%ld\n", arg_str - p);
    #####:  946:  return p - arg_str;
        -:  947:}
        1:  948:int proc_spec_s(const char *str, va_list args, const Specifiers st_spec) {
        -:  949:  // const char *p = str; // Указатель на входную строку
        1:  950:  char arg_str[s21_strlen(str)];
        1:  951:  if (st_spec.width >= 0) {
        1:  952:    s21_memcpy(arg_str, str, st_spec.width);
        1:  953:    arg_str[st_spec.width] = '\0';
        -:  954:    // } else {
        -:  955:    //   s21_memcpy(arg_str, str, st_spec.width);
        -:  956:  }
        -:  957:
        1:  958:  const char *p = arg_str;
        1:  959:  int res = 0;
        1:  960:  int i = 0;
        1:  961:  DEBUG_PRINT("Size=%ld\n", s21_strlen(p));
        1:  962:  while (is_space(*p))
    #####:  963:    p++;
        1:  964:  int width = st_spec.width;
        1:  965:  if (width < -1) {
    #####:  966:    width = s21_strlen(p);
        -:  967:  }
        1:  968:  if (width == asterisk) {
    #####:  969:    for (; !(is_space(*p)) && i <= width; i++, p++)
        -:  970:      ;
    #####:  971:    res = 0;
        -:  972:  } else {
        1:  973:    if ((st_spec.length == 'l')) {
    #####:  974:      wchar_t *ch = va_arg(args, wchar_t *);
    #####:  975:      while (*p && !is_space(*p) && i <= (width)) {
    #####:  976:        s21_size_t res = mbrtowc(ch, p, MB_CUR_MAX, S21_NULL);
    #####:  977:        p += res;
    #####:  978:        ch++;
    #####:  979:        i++;
        -:  980:      }
    #####:  981:      *ch = L'\0';
    #####:  982:      res++;
    #####:  983:      wprintf(L"wide String=%ls\n", ch);
        -:  984:    } else {
        1:  985:      char *ch = va_arg(args, char *);
        5:  986:      while (*p && !is_space(*p) && i <= (width)) {
        4:  987:        *ch = *p;
        4:  988:        p++;
        4:  989:        ch++;
        4:  990:        i++;
        -:  991:      }
        1:  992:      *ch = '\0';
        1:  993:      res++;
        1:  994:      DEBUG_PRINT(" String=%s\n", p);
        -:  995:    }
        1:  996:    if (i == 0) {
    #####:  997:      res = -1;
        -:  998:    } else
        1:  999:      res = p - arg_str;
        -: 1000:  }
        1: 1001:  DEBUG_PRINT(" value Step=%ld\n", p - arg_str);
        1: 1002:  return res;
        -: 1003:}
    #####: 1004:int proc_spec_d(const char *str, va_list args, const Specifiers st_spec) {
    #####: 1005:  int res = 0;
    #####: 1006:  s21_size_t i = 0;
    #####: 1007:  int width = st_spec.width;
    #####: 1008:  long int result = 0;
    #####: 1009:  char arg_str[s21_strlen(str) + 1];
    #####: 1010:  if (st_spec.width > 0) {
    #####: 1011:    s21_memcpy(arg_str, str, st_spec.width);
    #####: 1012:    arg_str[st_spec.width] = '\0';
        -: 1013:  } else {
    #####: 1014:    s21_memcpy(arg_str, str, s21_strlen(str));
        -: 1015:  }
    #####: 1016:  arg_str[s21_strlen(str)] = '\0';
    #####: 1017:  const char *p = arg_str; // Указатель на входную строку
        -: 1018:  // while (i <= s21_strlen(p) && (is_space(*p)) && *p != '-') {
        -: 1019:  //   printf("Noop symbol:|%c|\n", *p);
        -: 1020:  //   p++;
        -: 1021:  // }
        -: 1022:  // DEBUG_PRINT(" String str=|%s|\n", str);
        -: 1023:  // DEBUG_PRINT(" String arg_str=|%s|\n", arg_str);
        -: 1024:  // DEBUG_PRINT(" String copy with Width=%s\n", p);
    #####: 1025:  DEBUG_PRINT(" Input string for convert to int=|%s|\n", p);
    #####: 1026:  int step = 0;
    #####: 1027:  step = get_number(p, &result);
    #####: 1028:  p += step;
    #####: 1029:  DEBUG_PRINT(" Width=%d result=%ld step=%d.\n", width, result, step);
    #####: 1030:  i++;
    #####: 1031:  if (step > 0) {
    #####: 1032:    if (st_spec.width != asterisk) {
    #####: 1033:      if (st_spec.length == 'h') {
    #####: 1034:        short int *ch = va_arg(args, short int *);
    #####: 1035:        *ch = (short int)result;
    #####: 1036:      } else if (st_spec.length == 'l') {
    #####: 1037:        long int *ch = va_arg(args, long int *);
    #####: 1038:        *ch = result;
        -: 1039:      } else {
    #####: 1040:        int *ch = va_arg(args, int *);
    #####: 1041:        *ch = (int)result;
        -: 1042:      }
        -: 1043:    }
        -: 1044:    // p++;
    #####: 1045:    res = p - arg_str;
    #####: 1046:  } else if (*p == '\0' && st_spec.width != asterisk) {
        -: 1047:    // p++;
    #####: 1048:    res = -1;
        -: 1049:  }
        -: 1050:
    #####: 1051:  return res;
        -: 1052:}
