        -:    0:Source:s21_string.c
        -:    0:Graph:s21_string.gcno
        -:    0:Data:s21_string.gcda
        -:    0:Runs:32
        -:    1:// #include <stdio.h>
        -:    2:#include "s21_string.h"
        -:    3:#include <locale.h>
        -:    4:#include <stdarg.h>
        -:    5:// #include <stdio.h>
        -:    6:#include <string.h>
        -:    7:
        -:    8:float s21_pow(int x, int y);
        -:    9:int get_number(const char *p, long int *res);
        -:   10:int proc_spec_s(const char *str, va_list args, const Specifiers st_spec);
        -:   11:int proc_spec_d(const char *str, va_list args, const Specifiers st_spec);
        -:   12:int proc_spec_s(const char *str, va_list args, const Specifiers st_spec);
        -:   13:int proc_spec_f(const char *str, va_list args, const Specifiers st_spec);
        -:   14:int proc_spec_c(const char *str, va_list args, const Specifiers st_spec);
        -:   15:int is_alpha(char c);
        -:   16:int is_digit(char c);
        -:   17:int is_space(char c);
        -:   18:// Specifiers parse_specifiers(const char *format);
        -:   19:int parse_specifiers(const char *format, Specifiers *st_spec);
        -:   20:
        -:   21:void monster_flags(const char *format, Specifiers *flags);
        -:   22:void handle_char(char **buffer, Specifiers flags, int c);
        -:   23:void handle_int(char **buffer, Specifiers flags, int d);
        -:   24:void handle_float(char **buffer, Specifiers flags, double f);
        -:   25:void handle_string(char **buffer, Specifiers flags, const char *s);
        -:   26:void handle_unsigned(char **buffer, Specifiers flags, unsigned int u);
        -:   27:void handle_percent(char **buffer, Specifiers flags);
        -:   28:
        -:   29:/**
        -:   30: TODO: Part 1. string.h Functions
        -:   31: - Оформи решение как статическую библиотеку с названием s21_string.a (с
        -:   32:заголовочным файлом s21_string.h).
        -:   33: - Библиотека должна быть разработана в соответствии с принципами структурного
        -:   34:программирования, обязательно исключи дублирование в коде.
        -:   35: - Подготовь полное покрытие unit-тестами функций библиотеки c помощью
        -:   36:библиотеки Check.
        -:   37: - Unit-тесты должны проверять результаты работы твоей реализации путём
        -:   38:сравнения ее с реализацией стандартной библиотеки string.h.
        -:   39: - Unit-тесты должны покрывать не менее 80% каждой функции.
        -:   40: - Предусмотри Makefile для сборки библиотеки и тестов (с целями all, clean,
        -:   41:test, s21_string.a, gcov_report).
        -:   42: - В цели gcov_report должен формироваться отчёт gcov в виде html страницы. Для
        -:   43:этого unit-тесты должны запускаться с флагами gcov.
        -:   44: - Перед каждой функцией используй префикс s21_.
        -:   45:No.	Function	Description
        -:   46: - [ ] void *s21_memchr(const void *str, int c, s21_size_t n)	Searches for the
        -:   47:first occurrence of the character c (an unsigned char) in the first n bytes of
        -:   48:the string pointed to, by the argument str.
        -:   49: - [ ] int s21_memcmp(const void *str1, const void *str2, s21_size_t n)	Compares
        -:   50:the first n bytes of str1 and str2.
        -:   51: - [x] void *s21_memcpy(void *dest, const void *src, s21_size_t n)	Copies n
        -:   52:characters from src to dest.
        -:   53: - [x] void *s21_memset(void *str, int c, s21_size_t n)	Copies the character c
        -:   54:(an unsigned char) to the first n characters of the string pointed to, by the
        -:   55:argument str.
        -:   56: - [x] char *s21_strncat(char *dest, const char *src, s21_size_t n)	Appends
        -:   57:the string pointed to, by src to the end of the string pointed to, by dest up to
        -:   58:n characters long.
        -:   59: - [x] char *s21_strchr(const char *str, int c)	Searches for the first
        -:   60:occurrence of the character c (an unsigned char) in the string pointed to, by
        -:   61:the argument str.
        -:   62: - [x] int s21_strncmp(const char *str1, const char *str2, s21_size_t n)
        -:   63:Compares at most the first n bytes of str1 and str2.
        -:   64: - [x] char *s21_strncpy(char *dest, const char *src, s21_size_t n)	Copies
        -:   65:up to n characters from the string pointed to, by src to dest.
        -:   66: - [x] s21_size_t s21_strcspn(const char *str1, const char *str2)
        -:   67:Calculates the length of the initial segment of str1 which consists entirely of
        -:   68:characters not in str2.
        -:   69: - [ ] 	char *s21_strerror(int errnum)	Searches an internal array for the error
        -:   70:number errnum and returns a pointer to an error message string. You need to
        -:   71:declare macros containing arrays of error messages for mac and linux operating
        -:   72:systems. Error descriptions are available in the original library. Checking the
        -:   73:current OS is carried out using directives.
        -:   74: - [x] 	s21_size_t s21_strlen(const char *str)	Computes the length of the
        -:   75:string str up to but not including the terminating null character.
        -:   76: - [ ] 	char *s21_strpbrk(const char *str1, const char *str2)	Finds the first
        -:   77:character in the string str1 that matches any character specified in str2.
        -:   78: - [ ] 	char *s21_strrchr(const char *str, int c)	Searches for the last
        -:   79:occurrence of the character c (an unsigned char) in the string pointed to by the
        -:   80:argument str.
        -:   81: - [ ] 	char *s21_strstr(const char *haystack, const char *needle)	Finds
        -:   82:the first occurrence of the entire string needle (not including the terminating
        -:   83:null character) which appears in the string haystack.
        -:   84: - [ ] 	char *s21_strtok(char *str, const char *delim)	Breaks string str into a
        -:   85:series of tokens separated by delim.
        -:   86: */
        -:   87:
        -:   88:/**
        -:   89:TODO: Part 2. Частичная реализация функции sprintf
        -:   90:Тебе необходимо реализовать функцию sprintf из библиотеки stdio.h:
        -:   91:- [ ] sprintf(): %[флаги][ширина][.точность][длина]спецификатор
        -:   92:- [ ] обработка форматной строки и заполнение параметров вывода (Структура?)
        -:   93:Функция должна быть размещена в библиотеке s21_string.h.
        -:   94:На реализацию функции накладываются все требования, изложенные в первой части.
        -:   95:Должно поддерживаться частичное форматирование:
        -:   96:Спецификаторы: c, d, f, s, u, %
        -:   97:Флаги: -, +, (пробел)
        -:   98:Ширина: (число)
        -:   99:Точность: .(число)
        -:  100:Длина: h, l
        -:  101: */
        -:  102:
        -:  103:/**
        -:  104:TODO: Part 3. Дополнительно. Реализация некоторых модификаторов формата функции
        -:  105:- [ ] sprintf Необязательное задание на дополнительные баллы: реализуй некоторые
        -:  106:модификаторы формата функции sprintf из библиотеки stdio.h:
        -:  107:
        -:  108:Функция должна быть размещена в библиотеке s21_string.h.
        -:  109:На реализацию функции накладываются все требования, изложенные в первой части.
        -:  110:Должны поддерживаться следующие дополнительные модификаторы формата:
        -:  111:Спецификаторы: g, G, e, E, x, X, o, p
        -:  112:Флаги: #, 0
        -:  113:Ширина: *
        -:  114:Точность: .*
        -:  115:Длина: L
        -:  116:*/
        6:  117:int s21_memcmp(const void *str1, const void *str2, s21_size_t n) {
        6:  118:    if (str1 && str2) { // Проверяем, что оба указателя не NULL
        5:  119:        const unsigned char *s1 = (const unsigned char *)str1;
        5:  120:        const unsigned char *s2 = (const unsigned char *)str2;
        -:  121:
       27:  122:        for (s21_size_t i = 0; i < n; i++) {
       24:  123:            if (s1[i] != s2[i]) { // Сравниваем байты
        2:  124:                return (int)(s1[i] - s2[i]); // Возвращаем разницу между байтами
        -:  125:            }
        -:  126:        }
        -:  127:    }
        -:  128:
        4:  129:    return 0; // Если все байты совпадают или n == 0, возвращаем 0
        -:  130:}
        -:  131:
        4:  132:void *s21_memset(void *str, int c, s21_size_t n) {
        4:  133:    if (str) { // Проверяем, что указатель не NULL
        3:  134:        unsigned char *ptr = (unsigned char *)str; // Преобразуем указатель к типу unsigned char*
        3:  135:        unsigned char value = (unsigned char)c;    // Преобразуем значение c к unsigned char
        -:  136:
       18:  137:        for (s21_size_t i = 0; i < n; i++) {
       15:  138:            ptr[i] = value; // Записываем значение в каждый байт
        -:  139:        }
        -:  140:    }
        -:  141:
        4:  142:    return str; // Возвращаем исходный указатель
        -:  143:}
        -:  144:
    #####:  145:char *s21_strncat(char *dest, const char *src, s21_size_t n) {
    #####:  146:    if (dest && src) { // Проверяем, что обе строки не NULL
    #####:  147:        char *dest_end = dest;
        -:  148:
        -:  149:        // Находим конец строки dest
    #####:  150:        while (*dest_end) {
    #####:  151:            dest_end++;
        -:  152:        }
        -:  153:
        -:  154:        // Копируем символы из src в dest, пока не достигнем n или '\0'
    #####:  155:        for (s21_size_t i = 0; i < n && *src; i++, src++, dest_end++) {
    #####:  156:            *dest_end = *src;
        -:  157:        }
        -:  158:
        -:  159:        // Добавляем завершающий нулевой символ
    #####:  160:        *dest_end = '\0';
        -:  161:    }
        -:  162:
    #####:  163:    return dest; // Возвращаем указатель на dest
        -:  164:}
        -:  165:
    #####:  166:int contains_char(const char *str, char ch) {
    #####:  167:    while (*str) {
    #####:  168:        if (*str == ch) {
    #####:  169:            return 1; // Найден символ
        -:  170:        }
    #####:  171:        str++;
        -:  172:    }
    #####:  173:    return 0; 
        -:  174:}
        -:  175:
    #####:  176:s21_size_t s21_strcspn(const char *str1, const char *str2) {
    #####:  177:    s21_size_t count = 0;
        -:  178:
    #####:  179:    if (str1 && str2) { // Проверяем, что обе строки не NULL
    #####:  180:        while (*str1 && !contains_char(str2, *str1)) {
    #####:  181:            count++;
    #####:  182:            str1++;
        -:  183:        }
        -:  184:    }
        -:  185:
    #####:  186:    return count;
        -:  187:}
        -:  188:
    #####:  189:char *s21_strncpy(char *dest, const char *src, s21_size_t n) {
    #####:  190:    s21_size_t i = 0;
    #####:  191:    while (i < n && src[i] != '\0') {
    #####:  192:        dest[i] = src[i];
    #####:  193:        i++;
        -:  194:    }
    #####:  195:    while (i < n) {
    #####:  196:        dest[i] = '\0';
    #####:  197:        i++;
        -:  198:    }
    #####:  199:    return dest; 
        -:  200:}
        -:  201:
       26:  202:s21_size_t s21_strlen(const char *str) {
       26:  203:  s21_size_t len = 0;
 42949895:  204:  for (; *(str + len); len++)
        -:  205:    ;
       26:  206:  return len;
        -:  207:}
        -:  208:
        -:  209:/**
        -:  210: * @brief Finds the first occurrence of a character in a string.
        -:  211: *
        -:  212: * @param str The string to search.
        -:  213: * @param ch The character to find.
        -:  214: * @return A pointer to the first occurrence of the character in the string, or
        -:  215: * NULL if the character is not found.
        -:  216: */
        8:  217:int s21_strncmp(const char *str1, const char *str2, s21_size_t n) {
        8:  218:  int rtn = 0;
        8:  219:  int is_diff = 0;
       26:  220:  for (s21_size_t i = 0; i < n && !is_diff; i++) {
       18:  221:    if (str1[i] != str2[i] || str1[i] == '\0' || str2[i] == '\0') {
        5:  222:      is_diff++;
        5:  223:      rtn = (unsigned char)str1[i] - (unsigned char)str2[i];
        -:  224:    }
        -:  225:  }
        8:  226:  return rtn;
        -:  227:}
        -:  228:
        7:  229:int s21_strcmp(const char *str1, const char *str2) {
        7:  230:  int rtn = 0;
       19:  231:  for (; *str1 && *str1 == *str2; str1++, str2++)
        -:  232:    ;
        7:  233:  int result = *str1 - *str2;
        7:  234:  if (result > 0)
        1:  235:    rtn = 1;
        6:  236:  else if (result < 0)
        3:  237:    rtn = -1;
        -:  238:  else
        3:  239:    rtn = 0;
        -:  240:
        7:  241:  return rtn;
        -:  242:}
        -:  243:
        -:  244:/**
        -:  245: * @brief Copies the string pointed to by src to the buffer pointed to by dest.
        -:  246: *
        -:  247: * @param dest The destination buffer.
        -:  248: * @param src The source string.
        -:  249: * @return A pointer to the destination buffer.
        -:  250: */
    #####:  251:char *s21_strcpy(char *dest, const char *src) {
    #####:  252:  if (src != S21_NULL) {
    #####:  253:    for (int i = 0; (dest[i] = src[i]) != '\0'; i++) {
        -:  254:    }
        -:  255:  }
    #####:  256:  return dest;
        -:  257:}
        -:  258:
    #####:  259:char *s21_strcat(char *destination, const char *append) {
    #####:  260:  int len = 0;
    #####:  261:  for (; destination[len] != '\0'; len++) {
        -:  262:  }
    #####:  263:  for (; *append; append++, len++) {
    #####:  264:    destination[len] = *append;
        -:  265:  }
    #####:  266:  return destination;
        -:  267:}
        -:  268:
        -:  269:/**
        -:  270: * @brief Finds the first occurrence of a character in a string.
        -:  271: *
        -:  272: * @param str The string to search.
        -:  273: * @param ch The character to find.
        -:  274: * @return A pointer to the first occurrence of the character in the string, or
        -:  275: * NULL if the character is not found.
        -:  276: */
        6:  277:char *s21_strchr(const char *str, int ch) {
        6:  278:  char *rtn = S21_NULL;
        6:  279:  if (str != S21_NULL) {
       48:  280:    for (; *str != '\0' && *str != ch; str++) {
        -:  281:    }
        6:  282:    if (*str == ch)
        4:  283:      rtn = (char *)str;
        -:  284:  }
        6:  285:  return rtn;
        -:  286:}
        -:  287:
        -:  288:/**
        -:  289: * @brief Copies n bytes from the memory area src to the memory area dest.
        -:  290: *
        -:  291: * @param dest The destination memory area.
        -:  292: * @param src The source memory area.
        -:  293: * @param n The number of bytes to copy.
        -:  294: * @return A pointer to the destination memory area.
        -:  295: */
    #####:  296:void *s21_memcpy(void *dest, const void *src, s21_size_t n) {
        -:  297:  // Приводим указатели к типу char* для побайтового копирования
    #####:  298:  char *d = (char *)dest;
    #####:  299:  const char *s = (const char *)src;
        -:  300:
        -:  301:  // Копируем n байт из src в dest
    #####:  302:  for (size_t i = 0; i < n; i++) {
    #####:  303:    d[i] = s[i];
        -:  304:  }
        -:  305:  // Возвращаем указатель на dest
    #####:  306:  return dest;
        -:  307:}
        -:  308:
    #####:  309:int parse_specifiers_length(const char *format) {
    #####:  310:  int len = 0;
    #####:  311:  while (format[len] && (format[len]!=' ' || format[len] != '%')) {
    #####:  312:    len++;
        -:  313:  }
        -:  314:  // if (is_alpha(format[len])) {
        -:  315:  //   len++; // Учитываем спецификатор
        -:  316:  // }
    #####:  317:  DEBUG_PRINT("len = %d, format= = %s\n", len, format);
    #####:  318:  return len;
        -:  319:}
        -:  320:
    #####:  321:void int_to_str(int num, char *str, int base) {
    #####:  322:  int i = 0;
    #####:  323:  int is_negative = 0;
        -:  324:
        -:  325:  // Обрабатываем 0 отдельно
    #####:  326:  if (num == 0) {
    #####:  327:    str[i++] = '0';
    #####:  328:    str[i] = '\0';
    #####:  329:    return;
        -:  330:  }
        -:  331:
        -:  332:  // Обрабатываем отрицательные числа для десятичной системы
    #####:  333:  if (num < 0 && base == 10) {
    #####:  334:    is_negative = 1;
    #####:  335:    num = -num; // Преобразуем в положительное
        -:  336:  }
        -:  337:
        -:  338:  // Преобразуем число в строку (обратный порядок)
    #####:  339:  while (num > 0) {
    #####:  340:    int digit = num % base;
    #####:  341:    str[i++] = (digit > 9) ? (digit - 10) + 'A' : digit + '0';
    #####:  342:    num /= base;
        -:  343:  }
        -:  344:
        -:  345:  // Добавляем знак минус для десятичной системы
    #####:  346:  if (is_negative) {
    #####:  347:    str[i++] = '-';
        -:  348:  }
        -:  349:
    #####:  350:  str[i] = '\0'; // Завершаем строку
        -:  351:
        -:  352:  // Переворачиваем строку
    #####:  353:  int start = 0, end = i - 1;
    #####:  354:  while (start < end) {
    #####:  355:    char temp = str[start];
    #####:  356:    str[start] = str[end];
    #####:  357:    str[end] = temp;
    #####:  358:    start++;
    #####:  359:    end--;
        -:  360:  }
        -:  361:}
        -:  362:
        -:  363:
       12:  364:int s21_sprintf(char *str, const char *format, ...) {
        -:  365:    va_list args;
       12:  366:    va_start(args, format);
       12:  367:    char *buffer = str;
       12:  368:    const char *ptr = format;
       75:  369:    while (*ptr) {
        -:  370:      // DEBUG_PRINT("ptr = %c\n", *ptr);
       63:  371:        if (*ptr == '%') {
        -:  372:            // ptr++;
       11:  373:            Specifiers flags  = {'*', -10, 0, '*', '*'};;
        -:  374:            // int t = parse_specifiers(ptr, &flags);
       11:  375:            ptr += parse_specifiers(ptr, &flags);
        -:  376:            // DEBUG_PRINT("Spec string_length = %d\n", t);
        -:  377:            // DEBUG_PRINT("RESULT: Specifier=%c, Length=%c, Precision=%i,  Width=%d, Flags=%c\n", flags.specifier,flags.length,flags.precision,flags.width,flags.flag);
       11:  378:            char spec = *ptr;
       11:  379:                if (flags.specifier== 'c') {
        6:  380:                    int c = va_arg(args, int);
        6:  381:                    handle_char(&buffer, flags, c);
        5:  382:                } else if (flags.specifier== 'd') {
        4:  383:                    int d = va_arg(args, int);
        4:  384:                    handle_int(&buffer, flags, d);
        1:  385:                } else if (flags.specifier == 'f') {
        1:  386:                    double f = va_arg(args, double);
        1:  387:                    handle_float(&buffer, flags, f);
    #####:  388:                } else if (flags.specifier == 's') {
    #####:  389:                    const char *s = va_arg(args, const char *);
    #####:  390:                    handle_string(&buffer, flags, s);
    #####:  391:                } else if (flags.specifier == 'u') {
    #####:  392:                    unsigned int u = va_arg(args, unsigned int);
    #####:  393:                    handle_unsigned(&buffer, flags, u);
    #####:  394:                } else if (flags.specifier == '%') {
    #####:  395:                    handle_percent(&buffer, flags);
        -:  396:                }else
    #####:  397:                    *buffer++ = spec;
        -:  398:        } else {
       52:  399:            *buffer++ = *ptr++;
        -:  400:        }
        -:  401:    }
       12:  402:    *buffer = '\0';
       12:  403:    va_end(args);
       12:  404:    return (int)s21_strlen(str);
        -:  405:}
        -:  406:
        -:  407:
        -:  408:
        -:  409:
        -:  410:
        -:  411:/**
        -:  412:* @brief Handles the formatting of an integer according to the specified flags.
        -:  413:*
        -:  414:* @param buffer A pointer to the buffer where the formatted string will be stored.
        -:  415:* @param flags The flags specifying the formatting options.
        -:  416:* @param d The integer to be formatted.
        -:  417:*/
        4:  418:void handle_int(char **buffer, Specifiers flags, int d) {
        4:  419:    char tmp[300] = {0};
        4:  420:    int is_negative = (d < 0);
       4*:  421:    int num = (is_negative) ? -d : d; // Работаем с положительным числом
        4:  422:    int len = 0;
        -:  423:
        -:  424:    // Преобразуем число в строку вручную
        4:  425:    if (num == 0) {
    #####:  426:        tmp[len++] = '0';
        -:  427:    } else {
       12:  428:        while (num > 0) {
        8:  429:            tmp[len++] = '0' + (num % 10); // Получаем цифру и добавляем её в массив
        8:  430:            num /= 10;
        -:  431:        }
        -:  432:    }
        -:  433:
        -:  434:    // Если число отрицательное, добавляем минус
        4:  435:    if (is_negative) {
    #####:  436:        tmp[len++] = '-';
        -:  437:    }
        -:  438:
        -:  439:    // Если задана точность, дополняем нулями слева
        4:  440:    if (flags.precision >= 0 && len < flags.precision) {
    #####:  441:        int padding = flags.precision - len;
    #####:  442:        for (int i = len - 1; i >= 0; i--) {
    #####:  443:            tmp[i + padding] = tmp[i]; // Сдвигаем символы вправо
        -:  444:        }
    #####:  445:        for (int i = 0; i < padding; i++) {
    #####:  446:            tmp[i] = '0'; // Добавляем нули
        -:  447:        }
    #####:  448:        len += padding;
        -:  449:    }
        -:  450:
        -:  451:    // Разворачиваем строку, так как мы записывали цифры в обратном порядке
        8:  452:    for (int i = 0, j = len - 1; i < j; i++, j--) {
        4:  453:        char temp = tmp[i];
        4:  454:        tmp[i] = tmp[j];
        4:  455:        tmp[j] = temp;
        -:  456:    }
        -:  457:
        -:  458:    // Определяем общую длину с учетом ширины
        4:  459:    int total_width = flags.width > 0 ? flags.width : 0;
        4:  460:    int padding = total_width > len ? total_width - len : 0;
        4:  461:    DEBUG_PRINT("padding= %d, total_width=%d\n", padding, total_width);
        -:  462:
        -:  463:    // Копируем результат в буфер с учетом ширины
        4:  464:    if (flags.flag=='-' ) { // Левое выравнивание
        -:  465:        // Сначала копируем число
        3:  466:        for (int i = 0; i < len; i++) {
        2:  467:            *(*buffer + i) = tmp[i];
        -:  468:        }
        1:  469:        *buffer += len;
        -:  470:
        -:  471:        // Затем добавляем пробелы справа
        4:  472:        for (int i = 0; i < padding; i++) {
        3:  473:            *(*buffer) = ' ';
        3:  474:            *buffer += 1;
        -:  475:        }
        -:  476:    } else { // Правое выравнивание
        3:  477:        char fill_char = (flags.flag=='0' && !is_negative) ? '0' : ' '; // Определяем символ заполнения
        -:  478:        // Сначала добавляем символы заполнения
        9:  479:        for (int i = 0; i < padding; i++) {
        6:  480:            *(*buffer) = fill_char;
        6:  481:            *buffer += 1;
        -:  482:        }
        -:  483:        // Затем копируем число
        9:  484:        for (int i = 0; i < len; i++) {
        6:  485:            *(*buffer + i) = tmp[i];
        -:  486:        }
        3:  487:        *buffer += len;
        -:  488:    }
        -:  489:
        -:  490:    // Добавляем завершающий нулевой символ, если необходимо
        4:  491:    *(*buffer) = '\0';
        4:  492:}
        -:  493:
        -:  494:
        1:  495:void handle_float(char **buffer, Specifiers flags, double f) {
        1:  496:    char tmp[200] = {0};
        1:  497:    int len = 0;
        -:  498:
        -:  499:    // Преобразуем число в строку вручную
        1:  500:    if (flags.precision >= 0) {
        -:  501:        // Используем массив для хранения целой части и дробной части
        1:  502:        long int_part = (long)f;
        1:  503:        double frac_part = f - int_part;
        -:  504:
        -:  505:        // Преобразуем целую часть
        1:  506:        if (int_part == 0) {
    #####:  507:            tmp[len++] = '0';
        -:  508:        } else {
        1:  509:            int int_len = 0;
        1:  510:            if (int_part < 0) {
    #####:  511:                tmp[len++] = '-';
    #####:  512:                int_part = -int_part;
        -:  513:            }
        1:  514:            long n = int_part;
        2:  515:            while (n > 0) {
        1:  516:                tmp[int_len++] = '0' + (n % 10);
        1:  517:                n /= 10;
        -:  518:            }
       1*:  519:            for (int i = 0; i < int_len / 2; i++) {
    #####:  520:                char temp = tmp[i];
    #####:  521:                tmp[i] = tmp[int_len - i - 1];
    #####:  522:                tmp[int_len - i - 1] = temp;
        -:  523:            }
        1:  524:            len += int_len;
        -:  525:        }
        -:  526:
        -:  527:        // Добавляем точку
        1:  528:        tmp[len++] = '.';
        -:  529:
        -:  530:        // Преобразуем дробную часть
        3:  531:        for (int i = 0; i < flags.precision; i++) {
        2:  532:            frac_part *= 10;
        2:  533:            int digit = (int)frac_part;
        2:  534:            tmp[len++] = '0' + digit;
        2:  535:            frac_part -= digit;
        -:  536:        }
        -:  537:    } else {
        -:  538:        // Если точность не указана, используем значение по умолчанию
    #####:  539:        sprintf(tmp, "%f", f); // Можно заменить на ручную реализацию
    #####:  540:        len = strlen(tmp);
        -:  541:    }
        -:  542:
        -:  543:    // Добавляем '+' только если флаг установлен
        1:  544:    if (flags.flag == '+') {
    #####:  545:        memmove(tmp + 1, tmp, len);
    #####:  546:        tmp[0] = '+';
    #####:  547:        len++;
        -:  548:    }
        -:  549:
        -:  550:    // Обработка ширины и выравнивания
        1:  551:    int total_width = flags.width > 0 ? flags.width : 0;
       1*:  552:    int padding = total_width > len ? total_width - len : 0;
        -:  553:
        1:  554:    if (flags.flag & '-') { // Левое выравнивание
        1:  555:        memcpy(*buffer, tmp, len);
        1:  556:        *buffer += len;
        1:  557:        memset(*buffer, ' ', padding);
        1:  558:        *buffer += padding;
        -:  559:    } else { // Правое выравнивание
    #####:  560:        char fill_char = (flags.flag & '0') ? '0' : ' ';
    #####:  561:        memset(*buffer, fill_char, padding);
    #####:  562:        *buffer += padding;
    #####:  563:        memcpy(*buffer, tmp, len);
    #####:  564:        *buffer += len;
        -:  565:    }
        -:  566:
        1:  567:    **buffer = '\0';
        1:  568:}
        -:  569:
    #####:  570:void handle_string(char **buffer, Specifiers flags, const char *s) {
    #####:  571:    if (s == NULL) {
    #####:  572:        s = "(null)";
        -:  573:    }
        -:  574:
    #####:  575:    int len = strlen(s);
        -:  576:
        -:  577:    // Применяем точность, если она указана
    #####:  578:    if (flags.precision >= 0 && len > flags.precision) {
    #####:  579:        len = flags.precision;
        -:  580:    }
        -:  581:
        -:  582:    // Определяем общую длину с учетом ширины
    #####:  583:    int total_width = flags.width > 0 ? flags.width : 0;
    #####:  584:    int padding = total_width > len ? total_width - len : 0;
        -:  585:
    #####:  586:    if (flags.flag & '-') { // Левое выравнивание
    #####:  587:        memcpy(*buffer, s, len);
    #####:  588:        *buffer += len;
    #####:  589:        memset(*buffer, ' ', padding);
    #####:  590:        *buffer += padding;
        -:  591:    } else { // Правое выравнивание
    #####:  592:        memset(*buffer, ' ', padding);
    #####:  593:        *buffer += padding;
    #####:  594:        memcpy(*buffer, s, len);
    #####:  595:        *buffer += len;
        -:  596:    }
        -:  597:
    #####:  598:    **buffer = '\0';
    #####:  599:}
        -:  600:
    #####:  601:void handle_unsigned(char **buffer, Specifiers flags, unsigned int u) {
    #####:  602:    char tmp[100] = {0};
    #####:  603:    if (flags.precision >= 0) {
    #####:  604:        char fmt[20] = {0};
    #####:  605:        sprintf(fmt, "%%.%du", flags.precision);
    #####:  606:        sprintf(tmp, fmt, u);
        -:  607:    } else {
    #####:  608:        sprintf(tmp, "%u", u);
        -:  609:    }
        -:  610:
    #####:  611:    int len = strlen(tmp);
        -:  612:
        -:  613:    // Определяем общую длину с учетом ширины
    #####:  614:    int total_width = flags.width > 0 ? flags.width : 0;
    #####:  615:    int padding = total_width > len ? total_width - len : 0;
        -:  616:
    #####:  617:    if (flags.flag & '-') { // Левое выравнивание
    #####:  618:        memcpy(*buffer, tmp, len);
    #####:  619:        *buffer += len;
    #####:  620:        memset(*buffer, ' ', padding);
    #####:  621:        *buffer += padding;
        -:  622:    } else { // Правое выравнивание
    #####:  623:        char fill_char = (flags.flag & '0') ? '0' : ' ';
    #####:  624:        memset(*buffer, fill_char, padding);
    #####:  625:        *buffer += padding;
    #####:  626:        memcpy(*buffer, tmp, len);
    #####:  627:        *buffer += len;
        -:  628:    }
        -:  629:
    #####:  630:    **buffer = '\0';
    #####:  631:}
        6:  632:void handle_char(char **buffer, Specifiers flags, int c) {
        6:  633:    char tmp[2] = {(char)c, '\0'};
        6:  634:    int len = 1;
        -:  635:
        -:  636:    // Определяем общую длину с учетом ширины
        6:  637:    int total_width = flags.width > 0 ? flags.width : 0;
        6:  638:    int padding = total_width > len ? total_width - len : 0;
        -:  639:
        6:  640:    if (flags.flag == '-') { // Левое выравнивание
        2:  641:        memcpy(*buffer, tmp, len);
        2:  642:        *buffer += len;
        2:  643:        memset(*buffer, ' ', padding);
        2:  644:        *buffer += padding;
        -:  645:    } else { // Правое выравнивание
        4:  646:        char fill_char = (flags.flag == '0') ? '0' : ' ';
        4:  647:        memset(*buffer, fill_char, padding);
        4:  648:        *buffer += padding;
        4:  649:        memcpy(*buffer, tmp, len);
        4:  650:        *buffer += len;
        -:  651:    }
        -:  652:
        6:  653:    **buffer = '\0';
        6:  654:}
    #####:  655:void handle_percent(char **buffer, Specifiers flags) {
    #####:  656:  if (flags.specifier=='%'){
        -:  657:
    #####:  658:    *(*buffer)++ = '%';
    #####:  659:    **buffer = '\0';
        -:  660:  }
    #####:  661:}
        -:  662:
        -:  663:
        -:  664:/**
        -:  665:* @brief Parses the format string and extracts the specifiers.
        -:  666:*
        -:  667:* @param fmt The format string to parse.
        -:  668:* @param st_spec A pointer to a Specifiers struct to store the parsed specifiers.
        -:  669:* @return The number of characters parsed.
        -:  670:*/
       11:  671:int parse_specifiers(const char *fmt, Specifiers *st_spec) {
        -:  672:  // Specifiers st_spec = {'*', -10, 0, '*', '*'};
       11:  673:  const char *format = fmt;
       11:  674:  format++;
       11:  675:  DEBUG_PRINT("format=%s\n", format);
        -:  676:  // Flags
       11:  677:  if ((*(format) == '+' || *(format) == '-' || *(format) == ' ' ||
        8:  678:       *(format) == '#' || *(format) == '0')) {
        5:  679:    st_spec->flag = *(format);
        5:  680:    DEBUG_PRINT(" FLAGS=%c\n", st_spec->flag);
        5:  681:    format++;
        -:  682:  }
       11:  683:  if (*(format) == '*' || is_digit(*(format))) {
        8:  684:    st_spec->width = 0;
        8:  685:    if (*(format) == '*') {
        -:  686:
    #####:  687:      st_spec->width = -1;
    #####:  688:      format++;
        -:  689:    } else {
       16:  690:      while (is_digit(*(format))) {
        8:  691:        st_spec->width = st_spec->width * 10 + *(format) - '0';
        8:  692:        format++;
        -:  693:      }
        -:  694:    }
        -:  695:    // format++;
        8:  696:    DEBUG_PRINT("Width=%i\n", st_spec->width);
        -:  697:  }
        -:  698:  // Precision
       11:  699:  if (*(format) == '.') {
        1:  700:    format++;
        1:  701:    st_spec->precision = 0;
        1:  702:    if (*(format) == '*')
    #####:  703:      st_spec->precision = -1;
        -:  704:    else {
        2:  705:      while (is_digit(*(format))) {
        1:  706:        st_spec->precision = st_spec->precision * 10 + *(format) - '0';
        1:  707:        format++;
        -:  708:      }
        -:  709:    }
        1:  710:    DEBUG_PRINT(" Precision=%i\n", st_spec->precision);
        -:  711:  }
        -:  712:
        -:  713:  // Length
       11:  714:  if (*(format) == 'h' || *(format) == 'l' || *(format) == 'L') {
    #####:  715:    st_spec->length = *(format);
    #####:  716:    format++;
    #####:  717:    DEBUG_PRINT(" Length=%c\n", st_spec->length);
        -:  718:  }
        -:  719:
        -:  720:  // Specifiers
       11:  721:    DEBUG_PRINT("format=%s\n", format);
      11*:  722:  if (*format == 'c' || *format == 'd' || *format == 'i' || *format == 'f' ||
    #####:  723:      *format == 's' || *format == 'u' || *format == '%' || *format == 'g' ||
    #####:  724:      *format == 'G' || *format == 'e' || *format == 'E' || *format == 'x' ||
    #####:  725:      *format == 'X' || *format == 'o' || *format == 'p') {
       11:  726:    st_spec->specifier = *format;
       11:  727:    format++;
       11:  728:    DEBUG_PRINT("Specifier=%c\n", st_spec->specifier);
        -:  729:  } else {
    #####:  730:    st_spec->specifier = '0';
        -:  731:  }
        -:  732:  // format++;
       11:  733:  DEBUG_PRINT("RESULT: Specifier=%c, Length=%c, Precision=%i,  Width=%d, Flags=%c\n", st_spec->specifier,st_spec->length,st_spec->precision,st_spec->width,st_spec->flag);
       11:  734:  return format-fmt;
        -:  735:}
        -:  736:
       29:  737:int is_digit(char c) { return (c >= '0' && c <= '9'); }
        -:  738:
    #####:  739:int is_alpha(char c) {
    #####:  740:  return (c >= 'A' && c <= 'Z') || (c >= 'a' && c <= 'z');
        -:  741:}
        -:  742:
    #####:  743:int is_space(char c) {
    #####:  744:  return (c == ' ' || c == '\t' || c == '\n' || c == '\r');
        -:  745:}
        -:  746:
        -:  747:/*TODO: Flags
        -:  748: - [ ] #    При использовании со спецификаторами o, x или X перед числом
        -:  749: вставляется 0, 0x или 0X соответственно (для значений, отличных от нуля). При
        -:  750: использовании с e, E и f «заставляет» записанный вывод содержать десятичную
        -:  751: точку, даже если за ней не последует никаких цифр. По умолчанию, если не
        -:  752: следует никаких цифр, десятичная точка не записывается. При использовании с g
        -:  753: или G результат такой же, как и с e или E, но конечные нули не удаляются.
        -:  754: - [ ] 0    Заполняет число слева нулями (0) вместо пробелов, где указан
        -:  755: спецификатор ширины (см. подспецификатор ширины).
        -:  756:*/
        -:  757:
        -:  758:/*TODO: Width
        -:  759: - [ ] (число)  Минимальное количество печатаемых символов. Если выводимое
        -:  760: значение короче этого числа, результат дополняется пробелами. Значение не
        -:  761: усекается, даже если результат больше.
        -:  762: - [ ] *    В sprintf знак * значит, что ширина указывается не в строке формата,
        -:  763: а в качестве дополнительного аргумента целочисленного значения, предшествующего
        -:  764: аргументу, который необходимо отформатировать. В sscanf знак *, помещенный
        -:  765: после % и перед спецификатором формата, считывает данные указанного типа, но
        -:  766: подавляет их присваивание.
        -:  767: */
        -:  768:
        -:  769:/*TODO: Длина
        -:  770: - [ ] h    Аргумент интерпретируется как короткое int или короткое int без
        -:  771: знака (применяется только к целочисленным спецификаторам: i, d, o, u, x и X).
        -:  772: - [ ] l    Аргумент интерпретируется как длинное int или длинное int без знака
        -:  773: для целочисленных спецификаторов (i, d, o, u, x и X) и как широкий символ или
        -:  774: строка широких символов для спецификаторов c и s.
        -:  775: - [ ] L    Аргумент интерпретируется как длинный double (применяется только к
        -:  776: спецификаторам с плавающей точкой — e, E, f, g и G).
        -:  777:*/
        -:  778:
        -:  779:/**
        -:  780:TODO: Part 4. Дополнительно. Реализация функции sscanf
        -:  781:Необязательное задание на дополнительные баллы: реализуй функцию sscanf из
        -:  782:библиотеки stdio.h:
        -:  783:%[*][ширина][длина]спецификатор
        -:  784:Функция должна быть размещена в библиотеке s21_string.h;
        -:  785:На реализацию функции накладываются все требования, изложенные в первой части.
        -:  786:Должно поддерживаться полное форматирование (с учетом флагов, ширины, точности,
        -:  787:модификаторов и типов преобразования).
        -:  788:[ ] Спецификаторы: c, d, f, s, u, %, i
        -:  789: - Ширина: (число)
        -:  790: - Длина: h, l
        -:  791:[ ] Спецификаторы: g, G, e, E, x, X, o, p
        -:  792: - Ширина: *
        -:  793: - Длина: L
        -:  794:[x] %[*|ширина][длина]c.
        -:  795:[x] %[*|ширина][длина]d.
        -:  796:[x] %[*|ширина][длина]f.
        -:  797:[ ] %[*|ширина][длина]s.
        -:  798:[ ] %[*|ширина][длина]u.
        -:  799:[ ] %[*|ширина][длина]%
        -:  800:[ ] %[*|ширина][длина]g.
        -:  801:[ ] %[*|ширина][длина]G.
        -:  802:[ ] %[*|ширина][длина]e.
        -:  803:[ ] %[*|ширина][длина]E.
        -:  804:[ ] %[*|ширина][длина]x.
        -:  805:[ ] %[*|ширина][длина]X.
        -:  806:[ ] %[*|ширина][длина]o.
        -:  807:[ ] %[*|ширина][длина]p.
        -:  808:*/
        -:  809:
    #####:  810:int s21_sscanf(const char *str, const char *format, ...) {
        -:  811:  va_list args;
    #####:  812:  va_start(args, format);
        -:  813:  Specifiers st_spec;
    #####:  814:  const char *p = str; // Указатель на входную строку
    #####:  815:  const char *fmt = format; // Указатель на строку формата
        -:  816:  //%[*/ширина][длина]спецификатор.
    #####:  817:  int res = 0;
        -:  818:
    #####:  819:  while (*fmt) {
    #####:  820:    if (*fmt == '%') {
    #####:  821:      DEBUG_PRINT("\n");
    #####:  822:      parse_specifiers(fmt, &st_spec);
        -:  823:      // st_spec = parse_specifiers(fmt);
    #####:  824:      if (st_spec.width < -1) {
    #####:  825:        st_spec.width = s21_strlen(p);
        -:  826:      }
        -:  827:      // DEBUG_PRINT("\nFormat string:%s\n", fmt);
    #####:  828:      DEBUG_PRINT(" result=%d\n", res);
    #####:  829:      DEBUG_PRINT(" str=%s\n", p);
    #####:  830:      DEBUG_PRINT(" format=%s\n", fmt);
    #####:  831:      DEBUG_PRINT(" !!! Flag=%c, Width=%i, Length=%c, Precision=%i, "
        -:  832:                  "Specifiers=%c\n",
        -:  833:                  st_spec.flag, st_spec.width, st_spec.length,
        -:  834:                  st_spec.precision, st_spec.specifier);
    #####:  835:      if (st_spec.specifier == 'c') {
    #####:  836:        int step = 0;
    #####:  837:        step = proc_spec_c(p, args, st_spec);
    #####:  838:        if (step > 0) {
    #####:  839:          p = p + step;
    #####:  840:          if (st_spec.width != asterisk) {
    #####:  841:            res++;
        -:  842:          }
    #####:  843:        } else if (step <= 0) {
    #####:  844:          res--;
        -:  845:        }
    #####:  846:        DEBUG_PRINT(" after process Char Result=%d\n", res);
        -:  847:
    #####:  848:      } else if (st_spec.specifier == 'd') {
    #####:  849:        while ((is_space(*p)) && *p != '-') {
    #####:  850:          DEBUG_PRINT("Noop symbol:|%c|\n", *p);
    #####:  851:          p++;
        -:  852:        }
    #####:  853:        int step = 0;
    #####:  854:        step = proc_spec_d(p, args, st_spec);
    #####:  855:        if (step > 0) {
    #####:  856:          p = p + step;
    #####:  857:          if (st_spec.width != asterisk) {
    #####:  858:            res++;
        -:  859:          }
    #####:  860:        } else if (step < 0) {
    #####:  861:          res--;
        -:  862:        }
    #####:  863:        DEBUG_PRINT(" FINISH position=%s\n", p);
        -:  864:
    #####:  865:      } else if (st_spec.specifier == 'f') {
    #####:  866:        while ((is_space(*p)) && *p != '-') {
    #####:  867:          DEBUG_PRINT("Noop symbol:|%c|\n", *p);
    #####:  868:          p++;
        -:  869:        }
    #####:  870:        int step = 0;
    #####:  871:        step = proc_spec_f(p, args, st_spec);
    #####:  872:        if (step > 0) {
    #####:  873:          p = p + step;
    #####:  874:          if (st_spec.width != asterisk) {
    #####:  875:            res++;
        -:  876:          }
    #####:  877:        } else if (step < 0) {
    #####:  878:          res--;
        -:  879:        }
    #####:  880:      } else if (st_spec.specifier == 's') {
    #####:  881:        while ((is_space(*p)) && *p != '-') {
    #####:  882:          DEBUG_PRINT("Noop symbol:|%c|\n", *p);
    #####:  883:          p++;
        -:  884:        }
    #####:  885:        int step = 0;
    #####:  886:        step = proc_spec_s(p, args, st_spec);
    #####:  887:        if (step > 0) {
    #####:  888:          p = p + step;
    #####:  889:          if (st_spec.width != asterisk) {
    #####:  890:            res++;
        -:  891:          }
    #####:  892:        } else if (step < 0) {
    #####:  893:          res--;
        -:  894:        }
    #####:  895:        DEBUG_PRINT(" after process string Result=%d\n", res);
    #####:  896:      } else if (st_spec.specifier == '%') {
    #####:  897:        DEBUG_PRINT(" Char=%c\n", *p);
    #####:  898:        p++;
    #####:  899:        fmt++;
        -:  900:      }
    #####:  901:    } else if (st_spec.specifier == 'i') {
    #####:  902:      int znak = 1;
    #####:  903:      int i = 0;
    #####:  904:      int result = 0;
    #####:  905:      if (*p == '-') {
    #####:  906:        znak = -1;
    #####:  907:        p++;
        -:  908:      }
    #####:  909:      if (*p == '0') {
    #####:  910:        p++;
    #####:  911:        if (*p == 'x' || *p == 'X') {
    #####:  912:          p++;
        -:  913:        } else {
    #####:  914:          DEBUG_PRINT(" octal number\n");
    #####:  915:          while ((*p >= '0' && *p <= '8')) {
    #####:  916:            result = result * 8 + *p - '0';
    #####:  917:            p++;
    #####:  918:            i++;
        -:  919:          }
        -:  920:        }
        -:  921:      }
    #####:  922:      while (is_digit(*p)) {
    #####:  923:        result = result * 10 + *p - '0';
    #####:  924:        p++;
    #####:  925:        i++;
        -:  926:      }
    #####:  927:      if (i > 0) {
    #####:  928:        int *ch = va_arg(args, int *);
    #####:  929:        result = result * znak;
    #####:  930:        *ch = result;
    #####:  931:        p++;
    #####:  932:        res++;
    #####:  933:        DEBUG_PRINT(" Digit=%d\n", result);
        -:  934:      }
        -:  935:    }
        -:  936:
    #####:  937:    fmt++;
        -:  938:  }
    #####:  939:  DEBUG_PRINT(" FINISH result=%d\n", res);
    #####:  940:  return res;
        -:  941:}
        -:  942:
    #####:  943:int read_wchar(const char **p, wchar_t *wch) {
    #####:  944:  int res = 0;
    #####:  945:  int bytes_read = mbtowc(wch, *p, MB_CUR_MAX);
    #####:  946:  DEBUG_PRINT(" wide Char wch=%x p=%s\n", *wch, *p);
    #####:  947:  if (bytes_read <= 0) {
    #####:  948:    res = -1;
        -:  949:  } else {
    #####:  950:    *p += bytes_read;
        -:  951:  }
    #####:  952:  DEBUG_PRINT(" result read_wchar=%d\n", res);
    #####:  953:  return res;
        -:  954:}
    #####:  955:int get_number(const char *p, long int *res) {
    #####:  956:  *res = 0;
    #####:  957:  int i = 0;
    #####:  958:  int znak = 1;
    #####:  959:  if (*p == '-' && is_digit(*(p + 1))) {
    #####:  960:    znak = -1;
    #####:  961:    p++;
    #####:  962:    i++;
        -:  963:  }
    #####:  964:  while (is_digit(*p)) {
    #####:  965:    *res = *res * 10 + (*p - '0');
    #####:  966:    p++;
    #####:  967:    i++;
        -:  968:  }
    #####:  969:  *res *= znak;
    #####:  970:  return i;
        -:  971:}
        -:  972:
    #####:  973:float s21_pow(int x, int y) {
    #####:  974:  float result = 1.0;
    #####:  975:  if (y < 0) {
    #####:  976:    while (y < 0) {
    #####:  977:      result = 1 / s21_pow(x, y * -1);
    #####:  978:      y++;
        -:  979:    }
        -:  980:  } else {
    #####:  981:    while (y > 0) {
    #####:  982:      result = result * x;
    #####:  983:      y--;
        -:  984:    }
        -:  985:  }
    #####:  986:  return result;
        -:  987:}
        -:  988:
    #####:  989:int proc_spec_c(const char *str, va_list args, const Specifiers st_spec) {
    #####:  990:  size_t max_len = s21_strlen(str);
    #####:  991:  const char *p = str;
    #####:  992:  DEBUG_PRINT(" String for decode=|%s|\n", str);
    #####:  993:  if (st_spec.width == asterisk) {
    #####:  994:    if (st_spec.length == 'l') {
        -:  995:      wchar_t dummy;
    #####:  996:      for (int i = 0; i < st_spec.width && *p; i++) {
    #####:  997:        if (read_wchar(&p, &dummy) != 0)
    #####:  998:          break;
        -:  999:      }
        -: 1000:    } else {
    #####: 1001:      p += st_spec.width > 0 ? st_spec.width : 1;
        -: 1002:    }
        -: 1003:  } else {
    #####: 1004:    int width = st_spec.width > 0 ? st_spec.width : 1;
    #####: 1005:    if ((st_spec.length == 'l')) {
    #####: 1006:      width = (width > (int)max_len) ? (int)max_len : width;
    #####: 1007:      wchar_t *wch = va_arg(args, wchar_t *);
    #####: 1008:      for (int i = 0; i < width; i++) {
    #####: 1009:        DEBUG_PRINT(" wide Char=%x\n", L'Ω');
    #####: 1010:        if (read_wchar(&p, &wch[i]) != 0) {
    #####: 1011:          wch[i] = L'\0';
    #####: 1012:          DEBUG_PRINT(" read char symbol=%d\n", i);
    #####: 1013:          break;
        -: 1014:        }
    #####: 1015:        DEBUG_PRINT(" wide Char=%x\n", (wchar_t)wch[i]);
        -: 1016:      }
        -: 1017:    } else {
    #####: 1018:      char *ch = va_arg(args, char *);
    #####: 1019:      size_t copy_size = (size_t)width > max_len ? max_len : (size_t)width;
    #####: 1020:      s21_memcpy(ch, p, copy_size);
    #####: 1021:      ch[copy_size] = '\0';
    #####: 1022:      p += copy_size;
    #####: 1023:      DEBUG_PRINT(" ordinary Char=%c\n", *ch);
        -: 1024:    }
        -: 1025:  }
    #####: 1026:  return p - str;
        -: 1027:}
        -: 1028:
    #####: 1029:int proc_spec_f(const char *str, va_list args, const Specifiers st_spec) {
    #####: 1030:  char arg_str[s21_strlen(str) + 1];
    #####: 1031:  if (st_spec.width >= 0) {
    #####: 1032:    s21_memcpy(arg_str, str, st_spec.width);
    #####: 1033:    arg_str[st_spec.width] = '\0';
        -: 1034:  } else {
    #####: 1035:    s21_memcpy(arg_str, str, st_spec.width);
        -: 1036:  }
    #####: 1037:  const char *p = arg_str; // Указатель на входную строку
    #####: 1038:  DEBUG_PRINT(" String=%s\n", p);
    #####: 1039:  long int res = 0;
    #####: 1040:  int i = 0;
    #####: 1041:  long double result = 0.0;
    #####: 1042:  p += get_number(p, &res);
    #####: 1043:  result += res;
    #####: 1044:  DEBUG_PRINT(" RES_CELOE=%Lf\n", result);
    #####: 1045:  if (*p == '.') {
    #####: 1046:    p++;
    #####: 1047:    i++;
    #####: 1048:    int ost_div = get_number(p, &res);
    #####: 1049:    DEBUG_PRINT(" Ostatoc_div=%d\n", ost_div);
    #####: 1050:    result = result + res * (1 / s21_pow(10, ost_div));
    #####: 1051:    p += ost_div;
    #####: 1052:    DEBUG_PRINT(" String after get float=%s\n", p);
    #####: 1053:    DEBUG_PRINT(" RES_frac=%Lf\n", result);
        -: 1054:  }
    #####: 1055:  if (*p == 'e' || *p == 'E') {
    #####: 1056:    p++;
    #####: 1057:    p += get_number(p, &res);
    #####: 1058:    DEBUG_PRINT(" exp=%ld\n", res);
    #####: 1059:    result = result * s21_pow(10, (res));
        -: 1060:  }
    #####: 1061:  if (p - arg_str > 0 && st_spec.width != asterisk) {
    #####: 1062:    float *ch = va_arg(args, float *);
    #####: 1063:    *ch = result;
    #####: 1064:    p++;
    #####: 1065:    i++;
    #####: 1066:    DEBUG_PRINT(" Float=%Lf\n", result);
        -: 1067:  }
        -: 1068:  // DEBUG_PRINT(" value Length=%ld\n", arg_str - p);
    #####: 1069:  return p - arg_str;
        -: 1070:}
    #####: 1071:int proc_spec_s(const char *str, va_list args, const Specifiers st_spec) {
        -: 1072:  // const char *p = str; // Указатель на входную строку
    #####: 1073:  char arg_str[s21_strlen(str)];
    #####: 1074:  if (st_spec.width >= 0) {
    #####: 1075:    s21_memcpy(arg_str, str, st_spec.width);
    #####: 1076:    arg_str[st_spec.width] = '\0';
        -: 1077:    // } else {
        -: 1078:    //   s21_memcpy(arg_str, str, st_spec.width);
        -: 1079:  }
        -: 1080:
    #####: 1081:  const char *p = arg_str;
    #####: 1082:  int res = 0;
    #####: 1083:  int i = 0;
    #####: 1084:  DEBUG_PRINT("Size=%ld\n", s21_strlen(p));
    #####: 1085:  while (is_space(*p))
    #####: 1086:    p++;
    #####: 1087:  int width = st_spec.width;
    #####: 1088:  if (width < -1) {
    #####: 1089:    width = s21_strlen(p);
        -: 1090:  }
    #####: 1091:  if (width == asterisk) {
    #####: 1092:    for (; !(is_space(*p)) && i <= width; i++, p++)
        -: 1093:      ;
    #####: 1094:    res = 0;
        -: 1095:  } else {
    #####: 1096:    if ((st_spec.length == 'l')) {
    #####: 1097:      wchar_t *ch = va_arg(args, wchar_t *);
    #####: 1098:      while (*p && !is_space(*p) && i <= (width)) {
    #####: 1099:        s21_size_t res = mbrtowc(ch, p, MB_CUR_MAX, S21_NULL);
    #####: 1100:        p += res;
    #####: 1101:        ch++;
    #####: 1102:        i++;
        -: 1103:      }
    #####: 1104:      *ch = L'\0';
    #####: 1105:      res++;
    #####: 1106:      wprintf(L"wide String=%ls\n", ch);
        -: 1107:    } else {
    #####: 1108:      char *ch = va_arg(args, char *);
    #####: 1109:      while (*p && !is_space(*p) && i <= (width)) {
    #####: 1110:        *ch = *p;
    #####: 1111:        p++;
    #####: 1112:        ch++;
    #####: 1113:        i++;
        -: 1114:      }
    #####: 1115:      *ch = '\0';
    #####: 1116:      res++;
    #####: 1117:      DEBUG_PRINT(" String=%s\n", p);
        -: 1118:    }
    #####: 1119:    if (i == 0) {
    #####: 1120:      res = -1;
        -: 1121:    } else
    #####: 1122:      res = p - arg_str;
        -: 1123:  }
    #####: 1124:  DEBUG_PRINT(" value Step=%ld\n", p - arg_str);
    #####: 1125:  return res;
        -: 1126:}
    #####: 1127:int proc_spec_d(const char *str, va_list args, const Specifiers st_spec) {
    #####: 1128:  int res = 0;
    #####: 1129:  s21_size_t i = 0;
    #####: 1130:  int width = st_spec.width;
    #####: 1131:  long int result = 0;
    #####: 1132:  char arg_str[s21_strlen(str) + 1];
    #####: 1133:  if (st_spec.width > 0) {
    #####: 1134:    s21_memcpy(arg_str, str, st_spec.width);
    #####: 1135:    arg_str[st_spec.width] = '\0';
        -: 1136:  } else {
    #####: 1137:    s21_memcpy(arg_str, str, s21_strlen(str));
        -: 1138:  }
    #####: 1139:  arg_str[s21_strlen(str)] = '\0';
    #####: 1140:  const char *p = arg_str; // Указатель на входную строку
        -: 1141:  // while (i <= s21_strlen(p) && (is_space(*p)) && *p != '-') {
        -: 1142:  //   printf("Noop symbol:|%c|\n", *p);
        -: 1143:  //   p++;
        -: 1144:  // }
        -: 1145:  // DEBUG_PRINT(" String str=|%s|\n", str);
        -: 1146:  // DEBUG_PRINT(" String arg_str=|%s|\n", arg_str);
        -: 1147:  // DEBUG_PRINT(" String copy with Width=%s\n", p);
    #####: 1148:  DEBUG_PRINT(" Input string for convert to int=|%s|\n", p);
    #####: 1149:  int step = 0;
    #####: 1150:  step = get_number(p, &result);
    #####: 1151:  p += step;
    #####: 1152:  DEBUG_PRINT(" Width=%d result=%ld step=%d.\n", width, result, step);
    #####: 1153:  i++;
    #####: 1154:  if (step > 0) {
    #####: 1155:    if (st_spec.width != asterisk) {
    #####: 1156:      if (st_spec.length == 'h') {
    #####: 1157:        short int *ch = va_arg(args, short int *);
    #####: 1158:        *ch = (short int)result;
    #####: 1159:      } else if (st_spec.length == 'l') {
    #####: 1160:        long int *ch = va_arg(args, long int *);
    #####: 1161:        *ch = result;
        -: 1162:      } else {
    #####: 1163:        int *ch = va_arg(args, int *);
    #####: 1164:        *ch = (int)result;
        -: 1165:      }
        -: 1166:    }
        -: 1167:    // p++;
    #####: 1168:    res = p - arg_str;
    #####: 1169:  } else if (*p == '\0' && st_spec.width != asterisk) {
        -: 1170:    // p++;
    #####: 1171:    res = -1;
        -: 1172:  }
        -: 1173:
    #####: 1174:  return res;
        -: 1175:}
